2022-05-02 20:26:21,724 : INFO : Starting the Assignment no. 8
2022-05-02 20:45:59,817 : DEBUG : diff parser start
2022-05-02 20:45:59,817 : DEBUG : line_lengths old: 1; new: 22
2022-05-02 20:45:59,817 : DEBUG : -> code[replace] old[1:1] new[1:22]
2022-05-02 20:45:59,829 : DEBUG : parse_part from 1 to 22 (to 21 in part parser)
2022-05-02 20:45:59,829 : DEBUG : diff parser end
2022-05-02 20:46:05,595 : DEBUG : diff parser start
2022-05-02 20:46:05,595 : DEBUG : line_lengths old: 22; new: 22
2022-05-02 20:46:05,595 : DEBUG : -> code[equal] old[1:21] new[1:21]
2022-05-02 20:46:05,595 : DEBUG : copy old[1:21] new[1:5]
2022-05-02 20:46:05,606 : DEBUG : parse_part from 6 to 22 (to 21 in part parser)
2022-05-02 20:46:05,611 : DEBUG : -> code[replace] old[22:22] new[22:22]
2022-05-02 20:46:05,611 : DEBUG : diff parser end
2022-05-02 20:46:09,353 : DEBUG : diff parser start
2022-05-02 20:46:09,353 : DEBUG : line_lengths old: 22; new: 22
2022-05-02 20:46:09,353 : DEBUG : -> code[equal] old[1:21] new[1:21]
2022-05-02 20:46:09,353 : DEBUG : copy old[1:21] new[1:5]
2022-05-02 20:46:09,365 : DEBUG : parse_part from 6 to 22 (to 21 in part parser)
2022-05-02 20:46:09,365 : DEBUG : -> code[replace] old[22:22] new[22:22]
2022-05-02 20:46:09,365 : DEBUG : diff parser end
2022-05-02 20:47:10,451 : DEBUG : diff parser start
2022-05-02 20:47:10,451 : DEBUG : line_lengths old: 22; new: 22
2022-05-02 20:47:10,451 : DEBUG : -> code[equal] old[1:21] new[1:21]
2022-05-02 20:47:10,451 : DEBUG : copy old[1:21] new[1:5]
2022-05-02 20:47:10,467 : DEBUG : parse_part from 6 to 22 (to 21 in part parser)
2022-05-02 20:47:10,470 : DEBUG : -> code[replace] old[22:22] new[22:22]
2022-05-02 20:47:10,470 : DEBUG : diff parser end
2022-05-02 20:52:37,229 : DEBUG : diff parser start
2022-05-02 20:52:37,229 : DEBUG : line_lengths old: 22; new: 25
2022-05-02 20:52:37,229 : DEBUG : -> code[equal] old[1:19] new[1:19]
2022-05-02 20:52:37,229 : DEBUG : copy old[1:21] new[1:5]
2022-05-02 20:52:37,244 : DEBUG : parse_part from 6 to 25 (to 24 in part parser)
2022-05-02 20:52:37,244 : DEBUG : -> code[insert] old[20:19] new[20:20]
2022-05-02 20:52:37,244 : DEBUG : -> code[equal] old[20:21] new[21:22]
2022-05-02 20:52:37,244 : DEBUG : -> code[replace] old[22:22] new[23:25]
2022-05-02 20:52:37,244 : DEBUG : diff parser end
2022-05-02 20:52:46,742 : DEBUG : diff parser start
2022-05-02 20:52:46,744 : DEBUG : line_lengths old: 25; new: 25
2022-05-02 20:52:46,744 : DEBUG : -> code[equal] old[1:24] new[1:24]
2022-05-02 20:52:46,744 : DEBUG : copy old[1:24] new[1:5]
2022-05-02 20:52:46,750 : DEBUG : parse_part from 6 to 25 (to 24 in part parser)
2022-05-02 20:52:46,750 : DEBUG : -> code[replace] old[25:25] new[25:25]
2022-05-02 20:52:46,750 : DEBUG : diff parser end
2022-05-02 20:58:23,197 : DEBUG : diff parser start
2022-05-02 20:58:23,197 : DEBUG : line_lengths old: 25; new: 3
2022-05-02 20:58:23,197 : DEBUG : -> code[replace] old[1:25] new[1:3]
2022-05-02 20:58:23,197 : DEBUG : parse_part from 1 to 3 (to 2 in part parser)
2022-05-02 20:58:23,197 : DEBUG : diff parser end
2022-05-02 20:58:30,590 : DEBUG : diff parser start
2022-05-02 20:58:30,591 : DEBUG : line_lengths old: 3; new: 3
2022-05-02 20:58:30,591 : DEBUG : -> code[equal] old[1:2] new[1:2]
2022-05-02 20:58:30,591 : DEBUG : copy old[1:2] new[1:2]
2022-05-02 20:58:30,592 : DEBUG : -> code[replace] old[3:3] new[3:3]
2022-05-02 20:58:30,592 : DEBUG : parse_part from 3 to 3 (to 2 in part parser)
2022-05-02 20:58:30,592 : DEBUG : diff parser end
2022-05-02 20:58:35,611 : INFO : Start executing Q1. Write a Python Program to Add Two Matrices?
2022-05-02 20:58:56,483 : INFO : Start executing Q1. Write a Python Program to Add Two Matrices?
2022-05-02 20:58:56,483 : INFO : exection successfully
2022-05-02 23:08:29,969 : INFO : Start executing Q1. Write a Python Program to Add Two Matrices?
2022-05-02 23:08:29,969 : INFO : exection successfully
2022-05-02 23:16:44,754 : DEBUG : diff parser start
2022-05-02 23:16:44,754 : DEBUG : line_lengths old: 3; new: 1
2022-05-02 23:16:44,754 : DEBUG : -> code[replace] old[1:3] new[1:1]
2022-05-02 23:16:44,762 : DEBUG : parse_part from 1 to 1 (to 0 in part parser)
2022-05-02 23:16:44,762 : DEBUG : diff parser end
2022-05-02 23:16:44,911 : DEBUG : pickle loaded: C:\Users\HP\anaconda3\lib\typing.py
2022-05-02 23:16:44,942 : DEBUG : pickle loaded: C:\Users\HP\anaconda3\lib\site-packages\jedi\third_party\typeshed\stdlib\3\typing.pyi
2022-05-02 23:16:47,029 : DEBUG : diff parser start
2022-05-02 23:16:47,029 : DEBUG : line_lengths old: 1; new: 1
2022-05-02 23:16:47,029 : DEBUG : -> code[replace] old[1:1] new[1:1]
2022-05-02 23:16:47,029 : DEBUG : parse_part from 1 to 1 (to 0 in part parser)
2022-05-02 23:16:47,029 : DEBUG : diff parser end
2022-05-02 23:16:48,703 : DEBUG : diff parser start
2022-05-02 23:16:48,703 : DEBUG : line_lengths old: 1; new: 1
2022-05-02 23:16:48,703 : DEBUG : -> code[replace] old[1:1] new[1:1]
2022-05-02 23:16:48,703 : DEBUG : parse_part from 1 to 1 (to 0 in part parser)
2022-05-02 23:16:48,703 : DEBUG : diff parser end
2022-05-03 00:06:56,259 : DEBUG : diff parser start
2022-05-03 00:06:56,262 : DEBUG : line_lengths old: 1; new: 3
2022-05-03 00:06:56,262 : DEBUG : -> code[replace] old[1:1] new[1:3]
2022-05-03 00:06:56,262 : DEBUG : parse_part from 1 to 3 (to 2 in part parser)
2022-05-03 00:06:56,262 : DEBUG : diff parser end
2022-05-03 00:07:01,843 : DEBUG : diff parser start
2022-05-03 00:07:01,843 : DEBUG : line_lengths old: 3; new: 3
2022-05-03 00:07:01,843 : DEBUG : -> code[equal] old[1:2] new[1:2]
2022-05-03 00:07:01,843 : DEBUG : copy old[1:2] new[1:2]
2022-05-03 00:07:01,843 : DEBUG : -> code[replace] old[3:3] new[3:3]
2022-05-03 00:07:01,843 : DEBUG : parse_part from 3 to 3 (to 2 in part parser)
2022-05-03 00:07:01,843 : DEBUG : diff parser end
2022-05-03 00:07:03,279 : INFO : Start executing Q2. Write a Python Program to Multiply Two Matrices?
2022-05-03 00:07:03,279 : ERROR : wrong Dimension of matrix
NoneType: None
2022-05-03 00:07:34,768 : INFO : Start executing Q2. Write a Python Program to Multiply Two Matrices?
2022-05-03 00:12:49,484 : INFO : Start executing Q2. Write a Python Program to Multiply Two Matrices?
2022-05-03 00:12:57,908 : DEBUG : diff parser start
2022-05-03 00:12:57,908 : DEBUG : line_lengths old: 3; new: 1
2022-05-03 00:12:57,908 : DEBUG : -> code[replace] old[1:3] new[1:1]
2022-05-03 00:12:57,908 : DEBUG : parse_part from 1 to 1 (to 0 in part parser)
2022-05-03 00:12:57,908 : DEBUG : diff parser end
2022-05-03 00:24:44,659 : INFO : Start executing Q2. Write a Python Program to Multiply Two Matrices?
2022-05-03 00:50:03,018 : INFO : Start executing Q2. Write a Python Program to Multiply Two Matrices?
2022-05-03 01:08:01,199 : INFO : Start executing Q2. Write a Python Program to Multiply Two Matrices?
2022-05-03 01:10:20,902 : INFO : Start executing Q2. Write a Python Program to Multiply Two Matrices?
2022-05-03 01:11:33,257 : INFO : Start executing Q2. Write a Python Program to Multiply Two Matrices?
2022-05-03 01:12:10,740 : INFO : Start executing Q2. Write a Python Program to Multiply Two Matrices?
2022-05-03 01:15:15,548 : INFO : Start executing Q2. Write a Python Program to Multiply Two Matrices?
2022-05-03 01:16:02,388 : INFO : Start executing Q2. Write a Python Program to Multiply Two Matrices?
2022-05-03 01:17:46,602 : INFO : Start executing Q2. Write a Python Program to Multiply Two Matrices?
2022-05-03 01:18:59,608 : INFO : Start executing Q2. Write a Python Program to Multiply Two Matrices?
2022-05-03 01:20:10,561 : INFO : Start executing Q2. Write a Python Program to Multiply Two Matrices?
2022-05-03 01:22:06,951 : INFO : Start executing Q2. Write a Python Program to Multiply Two Matrices?
2022-05-03 01:22:54,911 : INFO : Start executing Q2. Write a Python Program to Multiply Two Matrices?
2022-05-03 09:13:22,458 : INFO : Start executing Q2. Write a Python Program to Multiply Two Matrices?
2022-05-03 09:14:02,147 : INFO : Start executing Q2. Write a Python Program to Multiply Two Matrices?
2022-05-03 09:18:48,944 : INFO : Start executing Q2. Write a Python Program to Multiply Two Matrices?
2022-05-03 09:21:16,830 : INFO : Start executing Q2. Write a Python Program to Multiply Two Matrices?
2022-05-03 09:21:50,582 : INFO : Start executing Q2. Write a Python Program to Multiply Two Matrices?
2022-05-03 09:22:07,814 : INFO : Start executing Q2. Write a Python Program to Multiply Two Matrices?
2022-05-03 09:24:47,349 : INFO : Start executing Q2. Write a Python Program to Multiply Two Matrices?
2022-05-03 09:26:13,894 : INFO : Start executing Q2. Write a Python Program to Multiply Two Matrices?
2022-05-03 09:27:19,045 : INFO : Start executing Q2. Write a Python Program to Multiply Two Matrices?
2022-05-03 09:29:13,979 : DEBUG : diff parser start
2022-05-03 09:29:13,979 : DEBUG : line_lengths old: 1; new: 3
2022-05-03 09:29:13,979 : DEBUG : -> code[replace] old[1:1] new[1:3]
2022-05-03 09:29:13,987 : DEBUG : parse_part from 1 to 3 (to 2 in part parser)
2022-05-03 09:29:13,987 : DEBUG : diff parser end
2022-05-03 09:29:22,277 : INFO : Start executing Q2. Write a Python Program to Multiply Two Matrices?
2022-05-03 09:30:16,189 : INFO : Start executing Q2. Write a Python Program to Multiply Two Matrices?
2022-05-03 09:30:52,237 : INFO : Start executing Q2. Write a Python Program to Multiply Two Matrices?
2022-05-03 09:30:55,165 : INFO : Start executing Q2. Write a Python Program to Multiply Two Matrices?
2022-05-03 09:31:06,773 : INFO : Start executing Q2. Write a Python Program to Multiply Two Matrices?
2022-05-03 22:29:58,811 : DEBUG : diff parser start
2022-05-03 22:29:58,811 : DEBUG : line_lengths old: 3; new: 1
2022-05-03 22:29:58,811 : DEBUG : -> code[delete] old[1:2] new[1:0]
2022-05-03 22:29:58,811 : DEBUG : -> code[equal] old[3:3] new[1:1]
2022-05-03 22:29:58,819 : DEBUG : parse_part from 1 to 1 (to 0 in part parser)
2022-05-03 22:29:58,819 : DEBUG : diff parser end
2022-05-03 22:31:09,807 : INFO : Start executing Q3. Write a Python Program to Transpose a Matrix? 
2022-05-03 22:31:51,424 : DEBUG : diff parser start
2022-05-03 22:31:51,424 : DEBUG : line_lengths old: 1; new: 17
2022-05-03 22:31:51,424 : DEBUG : -> code[replace] old[1:1] new[1:17]
2022-05-03 22:31:51,444 : DEBUG : parse_part from 1 to 17 (to 16 in part parser)
2022-05-03 22:31:51,444 : DEBUG : diff parser end
2022-05-03 22:31:51,572 : DEBUG : pickle loaded: C:\Users\HP\anaconda3\lib\abc.py
2022-05-03 22:31:51,587 : DEBUG : pickle loaded: C:\Users\HP\anaconda3\lib\site-packages\jedi\third_party\typeshed\stdlib\3\abc.pyi
2022-05-03 22:31:57,043 : DEBUG : diff parser start
2022-05-03 22:31:57,043 : DEBUG : line_lengths old: 17; new: 17
2022-05-03 22:31:57,043 : DEBUG : -> code[equal] old[1:16] new[1:16]
2022-05-03 22:31:57,043 : DEBUG : copy old[1:16] new[1:5]
2022-05-03 22:31:57,056 : DEBUG : parse_part from 6 to 17 (to 16 in part parser)
2022-05-03 22:31:57,056 : DEBUG : -> code[replace] old[17:17] new[17:17]
2022-05-03 22:31:57,056 : DEBUG : diff parser end
2022-05-03 22:33:48,252 : INFO : Start executing Q3. Write a Python Program to Transpose a Matrix? 
2022-05-03 22:36:23,112 : DEBUG : diff parser start
2022-05-03 22:36:23,112 : DEBUG : line_lengths old: 17; new: 14
2022-05-03 22:36:23,112 : DEBUG : -> code[equal] old[1:13] new[1:13]
2022-05-03 22:36:23,112 : DEBUG : copy old[1:16] new[1:5]
2022-05-03 22:36:23,112 : DEBUG : parse_part from 6 to 14 (to 13 in part parser)
2022-05-03 22:36:23,112 : DEBUG : -> code[replace] old[14:17] new[14:14]
2022-05-03 22:36:23,112 : DEBUG : diff parser end
2022-05-03 22:36:48,782 : INFO : Start executing Q3. Write a Python Program to Transpose a Matrix? 
2022-05-03 22:37:14,116 : INFO : Start executing Q3. Write a Python Program to Transpose a Matrix? 
2022-05-03 22:38:36,442 : INFO : Start executing Q3. Write a Python Program to Transpose a Matrix? 
2022-05-03 22:38:52,181 : INFO : Start executing Q3. Write a Python Program to Transpose a Matrix? 
2022-05-03 22:45:58,253 : DEBUG : diff parser start
2022-05-03 22:45:58,253 : DEBUG : line_lengths old: 14; new: 7
2022-05-03 22:45:58,253 : DEBUG : -> code[replace] old[1:1] new[1:1]
2022-05-03 22:45:58,263 : DEBUG : parse_part from 1 to 7 (to 6 in part parser)
2022-05-03 22:45:58,263 : DEBUG : -> code[equal] old[2:2] new[2:2]
2022-05-03 22:45:58,263 : DEBUG : -> code[replace] old[3:5] new[3:4]
2022-05-03 22:45:58,263 : DEBUG : -> code[equal] old[6:6] new[5:5]
2022-05-03 22:45:58,263 : DEBUG : -> code[replace] old[7:14] new[6:7]
2022-05-03 22:45:58,263 : DEBUG : diff parser end
2022-05-03 22:48:24,685 : DEBUG : diff parser start
2022-05-03 22:48:24,685 : DEBUG : line_lengths old: 7; new: 8
2022-05-03 22:48:24,685 : DEBUG : -> code[equal] old[1:6] new[1:6]
2022-05-03 22:48:24,685 : DEBUG : copy old[1:6] new[1:4]
2022-05-03 22:48:24,685 : DEBUG : parse_part from 5 to 8 (to 7 in part parser)
2022-05-03 22:48:24,685 : DEBUG : -> code[replace] old[7:7] new[7:8]
2022-05-03 22:48:24,685 : DEBUG : diff parser end
2022-05-03 22:48:30,491 : DEBUG : diff parser start
2022-05-03 22:48:30,491 : DEBUG : line_lengths old: 8; new: 8
2022-05-03 22:48:30,491 : DEBUG : -> code[equal] old[1:7] new[1:7]
2022-05-03 22:48:30,491 : DEBUG : copy old[1:7] new[1:4]
2022-05-03 22:48:30,504 : DEBUG : parse_part from 5 to 8 (to 7 in part parser)
2022-05-03 22:48:30,504 : DEBUG : -> code[replace] old[8:8] new[8:8]
2022-05-03 22:48:30,504 : DEBUG : diff parser end
2022-05-03 22:49:33,962 : DEBUG : diff parser start
2022-05-03 22:49:33,962 : DEBUG : line_lengths old: 8; new: 8
2022-05-03 22:49:33,962 : DEBUG : -> code[equal] old[1:7] new[1:7]
2022-05-03 22:49:33,962 : DEBUG : copy old[1:7] new[1:4]
2022-05-03 22:49:33,962 : DEBUG : parse_part from 5 to 8 (to 7 in part parser)
2022-05-03 22:49:33,962 : DEBUG : -> code[replace] old[8:8] new[8:8]
2022-05-03 22:49:33,962 : DEBUG : diff parser end
2022-05-03 22:52:12,356 : DEBUG : diff parser start
2022-05-03 22:52:12,356 : DEBUG : line_lengths old: 8; new: 2
2022-05-03 22:52:12,356 : DEBUG : -> code[replace] old[1:8] new[1:2]
2022-05-03 22:52:12,377 : DEBUG : parse_part from 1 to 2 (to 1 in part parser)
2022-05-03 22:52:12,377 : DEBUG : diff parser end
2022-05-03 22:52:23,267 : INFO : Start executing Q4. Write a Python Program to Sort Words in Alphabetic Order?
2022-05-03 22:52:43,784 : INFO : Start executing Q4. Write a Python Program to Sort Words in Alphabetic Order?
2022-05-03 22:54:04,986 : INFO : Start executing Q4. Write a Python Program to Sort Words in Alphabetic Order?
2022-05-03 23:08:11,775 : DEBUG : diff parser start
2022-05-03 23:08:11,775 : DEBUG : line_lengths old: 2; new: 2
2022-05-03 23:08:11,775 : DEBUG : -> code[replace] old[1:2] new[1:2]
2022-05-03 23:08:11,775 : DEBUG : parse_part from 1 to 2 (to 1 in part parser)
2022-05-03 23:08:11,775 : DEBUG : diff parser end
2022-05-03 23:08:20,840 : INFO : Start executing Q5. Write a Python Program to Remove Punctuation From a String?
