2022-05-06 20:48:39,342 : INFO : Start executing the Assignmrnt np ( of python basic)
2022-05-06 20:49:02,209 : INFO : Start executing the Assignmrnt np 9 of python basic
2022-05-06 20:58:58,037 : DEBUG : diff parser start
2022-05-06 20:58:58,037 : DEBUG : line_lengths old: 1; new: 20
2022-05-06 20:58:58,037 : DEBUG : -> code[replace] old[1:1] new[1:20]
2022-05-06 20:58:58,037 : DEBUG : parse_part from 1 to 20 (to 19 in part parser)
2022-05-06 20:58:58,037 : DEBUG : diff parser end
2022-05-06 20:59:00,958 : DEBUG : diff parser start
2022-05-06 20:59:00,958 : DEBUG : line_lengths old: 20; new: 20
2022-05-06 20:59:00,958 : DEBUG : -> code[equal] old[1:19] new[1:19]
2022-05-06 20:59:00,958 : DEBUG : copy old[1:19] new[1:6]
2022-05-06 20:59:00,978 : DEBUG : parse_part from 7 to 20 (to 19 in part parser)
2022-05-06 20:59:00,978 : DEBUG : -> code[replace] old[20:20] new[20:20]
2022-05-06 20:59:00,978 : DEBUG : diff parser end
2022-05-06 20:59:17,462 : DEBUG : diff parser start
2022-05-06 20:59:17,462 : DEBUG : line_lengths old: 20; new: 22
2022-05-06 20:59:17,462 : DEBUG : -> code[equal] old[1:19] new[1:19]
2022-05-06 20:59:17,462 : DEBUG : copy old[1:19] new[1:6]
2022-05-06 20:59:17,466 : DEBUG : parse_part from 7 to 22 (to 21 in part parser)
2022-05-06 20:59:17,466 : DEBUG : -> code[replace] old[20:20] new[20:22]
2022-05-06 20:59:17,466 : DEBUG : diff parser end
2022-05-06 21:00:11,544 : DEBUG : diff parser start
2022-05-06 21:00:11,544 : DEBUG : line_lengths old: 22; new: 23
2022-05-06 21:00:11,544 : DEBUG : -> code[equal] old[1:21] new[1:21]
2022-05-06 21:00:11,544 : DEBUG : copy old[1:21] new[1:6]
2022-05-06 21:00:11,552 : DEBUG : parse_part from 7 to 23 (to 22 in part parser)
2022-05-06 21:00:11,552 : DEBUG : -> code[replace] old[22:22] new[22:23]
2022-05-06 21:00:11,552 : DEBUG : diff parser end
2022-05-06 21:00:33,100 : DEBUG : diff parser start
2022-05-06 21:00:33,100 : DEBUG : line_lengths old: 23; new: 1
2022-05-06 21:00:33,100 : DEBUG : -> code[replace] old[1:23] new[1:1]
2022-05-06 21:00:33,100 : DEBUG : parse_part from 1 to 1 (to 0 in part parser)
2022-05-06 21:00:33,100 : DEBUG : diff parser end
2022-05-06 21:00:35,214 : DEBUG : diff parser start
2022-05-06 21:00:35,214 : DEBUG : line_lengths old: 1; new: 1
2022-05-06 21:00:35,214 : DEBUG : -> code[replace] old[1:1] new[1:1]
2022-05-06 21:00:35,214 : DEBUG : parse_part from 1 to 1 (to 0 in part parser)
2022-05-06 21:00:35,214 : DEBUG : diff parser end
2022-05-06 21:00:46,521 : INFO : Start executing Q1. Write a Python program to check if the given number is a Disarium Number?
2022-05-06 21:01:04,010 : DEBUG : diff parser start
2022-05-06 21:01:04,010 : DEBUG : line_lengths old: 1; new: 1
2022-05-06 21:01:04,010 : DEBUG : -> code[replace] old[1:1] new[1:1]
2022-05-06 21:01:04,010 : DEBUG : parse_part from 1 to 1 (to 0 in part parser)
2022-05-06 21:01:04,010 : DEBUG : diff parser end
2022-05-06 21:01:18,649 : INFO : Start executing Q1. Write a Python program to check if the given number is a Disarium Number?
2022-05-06 21:01:30,444 : INFO : Start executing Q1. Write a Python program to check if the given number is a Disarium Number?
2022-05-06 21:01:50,438 : INFO : Start executing Q1. Write a Python program to check if the given number is a Disarium Number?
2022-05-06 21:03:11,145 : INFO : Start executing Q1. Write a Python program to check if the given number is a Disarium Number?
2022-05-06 21:03:13,057 : INFO : Start executing Q1. Write a Python program to check if the given number is a Disarium Number?
2022-05-06 21:03:13,703 : INFO : Start executing Q1. Write a Python program to check if the given number is a Disarium Number?
2022-05-06 21:03:14,855 : INFO : Start executing Q1. Write a Python program to check if the given number is a Disarium Number?
2022-05-06 21:03:43,522 : INFO : Start executing Q1. Write a Python program to check if the given number is a Disarium Number?
2022-05-06 21:04:19,633 : INFO : Start executing Q1. Write a Python program to check if the given number is a Disarium Number?
2022-05-06 21:04:35,270 : INFO : Start executing Q1. Write a Python program to check if the given number is a Disarium Number?
2022-05-06 21:04:52,465 : INFO : Start executing Q1. Write a Python program to check if the given number is a Disarium Number?
2022-05-06 21:07:54,318 : INFO : Start executing Q1. Write a Python program to check if the given number is a Disarium Number?
2022-05-06 21:08:14,803 : INFO : Start executing Q1. Write a Python program to check if the given number is a Disarium Number?
2022-05-06 21:08:14,814 : ERROR : Error occurred
2022-05-06 21:08:14,814 : ERROR : local variable 'sum' referenced before assignment
Traceback (most recent call last):
  File "C:\Users\HP\AppData\Local\Temp/ipykernel_13140/2053962756.py", line 16, in DisariumNumber
    sum  += (temp**p)
UnboundLocalError: local variable 'sum' referenced before assignment
2022-05-06 21:08:29,957 : INFO : Start executing Q1. Write a Python program to check if the given number is a Disarium Number?
2022-05-06 21:11:57,552 : DEBUG : diff parser start
2022-05-06 21:11:57,552 : DEBUG : line_lengths old: 1; new: 9
2022-05-06 21:11:57,552 : DEBUG : -> code[replace] old[1:1] new[1:9]
2022-05-06 21:11:57,552 : DEBUG : parse_part from 1 to 9 (to 8 in part parser)
2022-05-06 21:11:57,552 : DEBUG : diff parser end
2022-05-06 21:11:57,629 : DEBUG : pickle loaded: C:\Users\HP\anaconda3\lib\typing.py
2022-05-06 21:11:57,692 : DEBUG : pickle loaded: C:\Users\HP\anaconda3\lib\site-packages\jedi\third_party\typeshed\stdlib\3\typing.pyi
2022-05-06 21:12:13,755 : INFO : Start executing Q1. Write a Python program to check if the given number is a Disarium Number?
2022-05-06 21:12:13,755 : ERROR : Error occurred
2022-05-06 21:12:13,755 : ERROR : empty separator
Traceback (most recent call last):
  File "C:\Users\HP\AppData\Local\Temp/ipykernel_13140/4174095139.py", line 9, in DisariumNumber
    c = str(a).split('')
ValueError: empty separator
2022-05-06 21:18:25,533 : INFO : Start executing Q1. Write a Python program to check if the given number is a Disarium Number?
2022-05-06 21:18:25,533 : ERROR : Error occurred
2022-05-06 21:18:25,533 : ERROR : local variable 'c' referenced before assignment
Traceback (most recent call last):
  File "C:\Users\HP\AppData\Local\Temp/ipykernel_13140/426008987.py", line 8, in DisariumNumber
    summ,p = 0,len(c)
UnboundLocalError: local variable 'c' referenced before assignment
2022-05-06 21:18:49,505 : INFO : Start executing Q1. Write a Python program to check if the given number is a Disarium Number?
2022-05-06 21:18:49,505 : ERROR : Error occurred
2022-05-06 21:18:49,505 : ERROR : unsupported operand type(s) for ** or pow(): 'str' and 'int'
Traceback (most recent call last):
  File "C:\Users\HP\AppData\Local\Temp/ipykernel_13140/2479769617.py", line 12, in DisariumNumber
    summ += (int(c[i]**(i+1)))
TypeError: unsupported operand type(s) for ** or pow(): 'str' and 'int'
2022-05-06 21:19:11,864 : INFO : Start executing Q1. Write a Python program to check if the given number is a Disarium Number?
2022-05-06 21:19:26,583 : INFO : Start executing Q1. Write a Python program to check if the given number is a Disarium Number?
2022-05-06 21:19:43,133 : INFO : Start executing Q1. Write a Python program to check if the given number is a Disarium Number?
2022-05-06 21:19:44,786 : INFO : Start executing Q1. Write a Python program to check if the given number is a Disarium Number?
2022-05-06 21:19:45,249 : INFO : Start executing Q1. Write a Python program to check if the given number is a Disarium Number?
2022-05-06 21:19:46,463 : INFO : Start executing Q1. Write a Python program to check if the given number is a Disarium Number?
2022-05-06 22:32:47,749 : DEBUG : diff parser start
2022-05-06 22:32:47,749 : DEBUG : line_lengths old: 9; new: 4
2022-05-06 22:32:47,749 : DEBUG : -> code[replace] old[1:9] new[1:4]
2022-05-06 22:32:47,765 : DEBUG : parse_part from 1 to 4 (to 3 in part parser)
2022-05-06 22:32:47,765 : DEBUG : diff parser end
2022-05-06 22:33:41,259 : DEBUG : diff parser start
2022-05-06 22:33:41,259 : DEBUG : line_lengths old: 4; new: 9
2022-05-06 22:33:41,259 : DEBUG : -> code[equal] old[1:2] new[1:2]
2022-05-06 22:33:41,259 : DEBUG : copy old[1:3] new[1:2]
2022-05-06 22:33:41,259 : DEBUG : -> code[replace] old[3:4] new[3:9]
2022-05-06 22:33:41,272 : DEBUG : parse_part from 3 to 9 (to 8 in part parser)
2022-05-06 22:33:41,272 : DEBUG : diff parser end
2022-05-06 22:35:49,662 : DEBUG : diff parser start
2022-05-06 22:35:49,662 : DEBUG : line_lengths old: 9; new: 2
2022-05-06 22:35:49,662 : DEBUG : -> code[equal] old[1:1] new[1:1]
2022-05-06 22:35:49,662 : DEBUG : parse_part from 1 to 2 (to 1 in part parser)
2022-05-06 22:35:49,662 : DEBUG : -> code[replace] old[2:9] new[2:2]
2022-05-06 22:35:49,662 : DEBUG : diff parser end
2022-05-06 22:36:21,625 : DEBUG : diff parser start
2022-05-06 22:36:21,625 : DEBUG : line_lengths old: 2; new: 6
2022-05-06 22:36:21,625 : DEBUG : -> code[equal] old[1:1] new[1:1]
2022-05-06 22:36:21,641 : DEBUG : parse_part from 1 to 6 (to 5 in part parser)
2022-05-06 22:36:21,641 : DEBUG : -> code[replace] old[2:2] new[2:6]
2022-05-06 22:36:21,643 : DEBUG : diff parser end
2022-05-06 22:36:41,248 : DEBUG : diff parser start
2022-05-06 22:36:41,248 : DEBUG : line_lengths old: 6; new: 6
2022-05-06 22:36:41,248 : DEBUG : -> code[equal] old[1:5] new[1:5]
2022-05-06 22:36:41,248 : DEBUG : copy old[1:5] new[1:3]
2022-05-06 22:36:41,260 : DEBUG : parse_part from 4 to 6 (to 5 in part parser)
2022-05-06 22:36:41,260 : DEBUG : -> code[replace] old[6:6] new[6:6]
2022-05-06 22:36:41,260 : DEBUG : diff parser end
2022-05-06 22:37:21,104 : DEBUG : diff parser start
2022-05-06 22:37:21,104 : DEBUG : line_lengths old: 6; new: 1
2022-05-06 22:37:21,104 : DEBUG : -> code[replace] old[1:6] new[1:1]
2022-05-06 22:37:21,104 : DEBUG : parse_part from 1 to 1 (to 0 in part parser)
2022-05-06 22:37:21,104 : DEBUG : diff parser end
2022-05-06 22:37:25,545 : INFO : Start executing Q2. Write a Python program to print all disarium numbers between 1 to 100?
2022-05-06 22:37:25,545 : INFO : using the DisariumNumber function from previous Question
2022-05-06 22:37:25,545 : INFO : Start executing Q1. Write a Python program to check if the given number is a Disarium Number?
2022-05-06 22:37:25,545 : INFO : using the DisariumNumber function from previous Question
2022-05-06 22:37:25,545 : INFO : Start executing Q1. Write a Python program to check if the given number is a Disarium Number?
2022-05-06 22:37:25,545 : INFO : using the DisariumNumber function from previous Question
2022-05-06 22:37:25,545 : INFO : Start executing Q1. Write a Python program to check if the given number is a Disarium Number?
2022-05-06 22:37:25,545 : INFO : using the DisariumNumber function from previous Question
2022-05-06 22:37:25,545 : INFO : Start executing Q1. Write a Python program to check if the given number is a Disarium Number?
2022-05-06 22:37:25,545 : INFO : using the DisariumNumber function from previous Question
2022-05-06 22:37:25,550 : INFO : Start executing Q1. Write a Python program to check if the given number is a Disarium Number?
2022-05-06 22:37:25,550 : INFO : using the DisariumNumber function from previous Question
2022-05-06 22:37:25,551 : INFO : Start executing Q1. Write a Python program to check if the given number is a Disarium Number?
2022-05-06 22:37:25,551 : INFO : using the DisariumNumber function from previous Question
2022-05-06 22:37:25,552 : INFO : Start executing Q1. Write a Python program to check if the given number is a Disarium Number?
2022-05-06 22:37:25,552 : INFO : using the DisariumNumber function from previous Question
2022-05-06 22:37:25,552 : INFO : Start executing Q1. Write a Python program to check if the given number is a Disarium Number?
2022-05-06 22:37:25,552 : INFO : using the DisariumNumber function from previous Question
2022-05-06 22:37:25,552 : INFO : Start executing Q1. Write a Python program to check if the given number is a Disarium Number?
2022-05-06 22:37:25,553 : INFO : using the DisariumNumber function from previous Question
2022-05-06 22:37:25,553 : INFO : Start executing Q1. Write a Python program to check if the given number is a Disarium Number?
2022-05-06 22:37:25,554 : INFO : using the DisariumNumber function from previous Question
2022-05-06 22:37:25,554 : INFO : Start executing Q1. Write a Python program to check if the given number is a Disarium Number?
2022-05-06 22:37:25,554 : INFO : using the DisariumNumber function from previous Question
2022-05-06 22:37:25,554 : INFO : Start executing Q1. Write a Python program to check if the given number is a Disarium Number?
2022-05-06 22:37:25,554 : INFO : using the DisariumNumber function from previous Question
2022-05-06 22:37:25,554 : INFO : Start executing Q1. Write a Python program to check if the given number is a Disarium Number?
2022-05-06 22:37:25,554 : INFO : using the DisariumNumber function from previous Question
2022-05-06 22:37:25,554 : INFO : Start executing Q1. Write a Python program to check if the given number is a Disarium Number?
2022-05-06 22:37:25,554 : INFO : using the DisariumNumber function from previous Question
2022-05-06 22:37:25,554 : INFO : Start executing Q1. Write a Python program to check if the given number is a Disarium Number?
2022-05-06 22:37:25,554 : INFO : using the DisariumNumber function from previous Question
2022-05-06 22:37:25,554 : INFO : Start executing Q1. Write a Python program to check if the given number is a Disarium Number?
2022-05-06 22:37:25,554 : INFO : using the DisariumNumber function from previous Question
2022-05-06 22:37:25,554 : INFO : Start executing Q1. Write a Python program to check if the given number is a Disarium Number?
2022-05-06 22:37:25,554 : INFO : using the DisariumNumber function from previous Question
2022-05-06 22:37:25,554 : INFO : Start executing Q1. Write a Python program to check if the given number is a Disarium Number?
2022-05-06 22:37:25,554 : INFO : using the DisariumNumber function from previous Question
2022-05-06 22:37:25,554 : INFO : Start executing Q1. Write a Python program to check if the given number is a Disarium Number?
2022-05-06 22:37:25,554 : INFO : using the DisariumNumber function from previous Question
2022-05-06 22:37:25,554 : INFO : Start executing Q1. Write a Python program to check if the given number is a Disarium Number?
2022-05-06 22:37:25,554 : INFO : using the DisariumNumber function from previous Question
2022-05-06 22:37:25,554 : INFO : Start executing Q1. Write a Python program to check if the given number is a Disarium Number?
2022-05-06 22:37:25,554 : INFO : using the DisariumNumber function from previous Question
2022-05-06 22:37:25,554 : INFO : Start executing Q1. Write a Python program to check if the given number is a Disarium Number?
2022-05-06 22:37:25,554 : INFO : using the DisariumNumber function from previous Question
2022-05-06 22:37:25,554 : INFO : Start executing Q1. Write a Python program to check if the given number is a Disarium Number?
2022-05-06 22:37:25,554 : INFO : using the DisariumNumber function from previous Question
2022-05-06 22:37:25,554 : INFO : Start executing Q1. Write a Python program to check if the given number is a Disarium Number?
2022-05-06 22:37:25,554 : INFO : using the DisariumNumber function from previous Question
2022-05-06 22:37:25,554 : INFO : Start executing Q1. Write a Python program to check if the given number is a Disarium Number?
2022-05-06 22:37:25,554 : INFO : using the DisariumNumber function from previous Question
2022-05-06 22:37:25,554 : INFO : Start executing Q1. Write a Python program to check if the given number is a Disarium Number?
2022-05-06 22:37:25,554 : INFO : using the DisariumNumber function from previous Question
2022-05-06 22:37:25,554 : INFO : Start executing Q1. Write a Python program to check if the given number is a Disarium Number?
2022-05-06 22:37:25,554 : INFO : using the DisariumNumber function from previous Question
2022-05-06 22:37:25,554 : INFO : Start executing Q1. Write a Python program to check if the given number is a Disarium Number?
2022-05-06 22:37:25,554 : INFO : using the DisariumNumber function from previous Question
2022-05-06 22:37:25,554 : INFO : Start executing Q1. Write a Python program to check if the given number is a Disarium Number?
2022-05-06 22:37:25,554 : INFO : using the DisariumNumber function from previous Question
2022-05-06 22:37:25,554 : INFO : Start executing Q1. Write a Python program to check if the given number is a Disarium Number?
2022-05-06 22:37:25,554 : INFO : using the DisariumNumber function from previous Question
2022-05-06 22:37:25,554 : INFO : Start executing Q1. Write a Python program to check if the given number is a Disarium Number?
2022-05-06 22:37:25,554 : INFO : using the DisariumNumber function from previous Question
2022-05-06 22:37:25,554 : INFO : Start executing Q1. Write a Python program to check if the given number is a Disarium Number?
2022-05-06 22:37:25,554 : INFO : using the DisariumNumber function from previous Question
2022-05-06 22:37:25,554 : INFO : Start executing Q1. Write a Python program to check if the given number is a Disarium Number?
2022-05-06 22:37:25,554 : INFO : using the DisariumNumber function from previous Question
2022-05-06 22:37:25,554 : INFO : Start executing Q1. Write a Python program to check if the given number is a Disarium Number?
2022-05-06 22:37:25,554 : INFO : using the DisariumNumber function from previous Question
2022-05-06 22:37:25,554 : INFO : Start executing Q1. Write a Python program to check if the given number is a Disarium Number?
2022-05-06 22:37:25,554 : INFO : using the DisariumNumber function from previous Question
2022-05-06 22:37:25,554 : INFO : Start executing Q1. Write a Python program to check if the given number is a Disarium Number?
2022-05-06 22:37:25,554 : INFO : using the DisariumNumber function from previous Question
2022-05-06 22:37:25,554 : INFO : Start executing Q1. Write a Python program to check if the given number is a Disarium Number?
2022-05-06 22:37:25,554 : INFO : using the DisariumNumber function from previous Question
2022-05-06 22:37:25,554 : INFO : Start executing Q1. Write a Python program to check if the given number is a Disarium Number?
2022-05-06 22:37:25,554 : INFO : using the DisariumNumber function from previous Question
2022-05-06 22:37:25,554 : INFO : Start executing Q1. Write a Python program to check if the given number is a Disarium Number?
2022-05-06 22:37:25,554 : INFO : using the DisariumNumber function from previous Question
2022-05-06 22:37:25,554 : INFO : Start executing Q1. Write a Python program to check if the given number is a Disarium Number?
2022-05-06 22:37:25,554 : INFO : using the DisariumNumber function from previous Question
2022-05-06 22:37:25,554 : INFO : Start executing Q1. Write a Python program to check if the given number is a Disarium Number?
2022-05-06 22:37:25,554 : INFO : using the DisariumNumber function from previous Question
2022-05-06 22:37:25,554 : INFO : Start executing Q1. Write a Python program to check if the given number is a Disarium Number?
2022-05-06 22:37:25,554 : INFO : using the DisariumNumber function from previous Question
2022-05-06 22:37:25,554 : INFO : Start executing Q1. Write a Python program to check if the given number is a Disarium Number?
2022-05-06 22:37:25,554 : INFO : using the DisariumNumber function from previous Question
2022-05-06 22:37:25,554 : INFO : Start executing Q1. Write a Python program to check if the given number is a Disarium Number?
2022-05-06 22:37:25,554 : INFO : using the DisariumNumber function from previous Question
2022-05-06 22:37:25,554 : INFO : Start executing Q1. Write a Python program to check if the given number is a Disarium Number?
2022-05-06 22:37:25,554 : INFO : using the DisariumNumber function from previous Question
2022-05-06 22:37:25,554 : INFO : Start executing Q1. Write a Python program to check if the given number is a Disarium Number?
2022-05-06 22:37:25,554 : INFO : using the DisariumNumber function from previous Question
2022-05-06 22:37:25,554 : INFO : Start executing Q1. Write a Python program to check if the given number is a Disarium Number?
2022-05-06 22:37:25,554 : INFO : using the DisariumNumber function from previous Question
2022-05-06 22:37:25,554 : INFO : Start executing Q1. Write a Python program to check if the given number is a Disarium Number?
2022-05-06 22:37:25,554 : INFO : using the DisariumNumber function from previous Question
2022-05-06 22:37:25,554 : INFO : Start executing Q1. Write a Python program to check if the given number is a Disarium Number?
2022-05-06 22:37:25,554 : INFO : using the DisariumNumber function from previous Question
2022-05-06 22:37:25,554 : INFO : Start executing Q1. Write a Python program to check if the given number is a Disarium Number?
2022-05-06 22:37:25,554 : INFO : using the DisariumNumber function from previous Question
2022-05-06 22:37:25,554 : INFO : Start executing Q1. Write a Python program to check if the given number is a Disarium Number?
2022-05-06 22:37:25,554 : INFO : using the DisariumNumber function from previous Question
2022-05-06 22:37:25,554 : INFO : Start executing Q1. Write a Python program to check if the given number is a Disarium Number?
2022-05-06 22:37:25,554 : INFO : using the DisariumNumber function from previous Question
2022-05-06 22:37:25,554 : INFO : Start executing Q1. Write a Python program to check if the given number is a Disarium Number?
2022-05-06 22:37:25,554 : INFO : using the DisariumNumber function from previous Question
2022-05-06 22:37:25,554 : INFO : Start executing Q1. Write a Python program to check if the given number is a Disarium Number?
2022-05-06 22:37:25,554 : INFO : using the DisariumNumber function from previous Question
2022-05-06 22:37:25,554 : INFO : Start executing Q1. Write a Python program to check if the given number is a Disarium Number?
2022-05-06 22:37:25,554 : INFO : using the DisariumNumber function from previous Question
2022-05-06 22:37:25,554 : INFO : Start executing Q1. Write a Python program to check if the given number is a Disarium Number?
2022-05-06 22:37:25,554 : INFO : using the DisariumNumber function from previous Question
2022-05-06 22:37:25,562 : INFO : Start executing Q1. Write a Python program to check if the given number is a Disarium Number?
2022-05-06 22:37:25,562 : INFO : using the DisariumNumber function from previous Question
2022-05-06 22:37:25,562 : INFO : Start executing Q1. Write a Python program to check if the given number is a Disarium Number?
2022-05-06 22:37:25,562 : INFO : using the DisariumNumber function from previous Question
2022-05-06 22:37:25,562 : INFO : Start executing Q1. Write a Python program to check if the given number is a Disarium Number?
2022-05-06 22:37:25,562 : INFO : using the DisariumNumber function from previous Question
2022-05-06 22:37:25,562 : INFO : Start executing Q1. Write a Python program to check if the given number is a Disarium Number?
2022-05-06 22:37:25,562 : INFO : using the DisariumNumber function from previous Question
2022-05-06 22:37:25,562 : INFO : Start executing Q1. Write a Python program to check if the given number is a Disarium Number?
2022-05-06 22:37:25,562 : INFO : using the DisariumNumber function from previous Question
2022-05-06 22:37:25,562 : INFO : Start executing Q1. Write a Python program to check if the given number is a Disarium Number?
2022-05-06 22:37:25,562 : INFO : using the DisariumNumber function from previous Question
2022-05-06 22:37:25,562 : INFO : Start executing Q1. Write a Python program to check if the given number is a Disarium Number?
2022-05-06 22:37:25,562 : INFO : using the DisariumNumber function from previous Question
2022-05-06 22:37:25,562 : INFO : Start executing Q1. Write a Python program to check if the given number is a Disarium Number?
2022-05-06 22:37:25,562 : INFO : using the DisariumNumber function from previous Question
2022-05-06 22:37:25,562 : INFO : Start executing Q1. Write a Python program to check if the given number is a Disarium Number?
2022-05-06 22:37:25,562 : INFO : using the DisariumNumber function from previous Question
2022-05-06 22:37:25,562 : INFO : Start executing Q1. Write a Python program to check if the given number is a Disarium Number?
2022-05-06 22:37:25,562 : INFO : using the DisariumNumber function from previous Question
2022-05-06 22:37:25,562 : INFO : Start executing Q1. Write a Python program to check if the given number is a Disarium Number?
2022-05-06 22:37:25,562 : INFO : using the DisariumNumber function from previous Question
2022-05-06 22:37:25,562 : INFO : Start executing Q1. Write a Python program to check if the given number is a Disarium Number?
2022-05-06 22:37:25,562 : INFO : using the DisariumNumber function from previous Question
2022-05-06 22:37:25,562 : INFO : Start executing Q1. Write a Python program to check if the given number is a Disarium Number?
2022-05-06 22:37:25,562 : INFO : using the DisariumNumber function from previous Question
2022-05-06 22:37:25,562 : INFO : Start executing Q1. Write a Python program to check if the given number is a Disarium Number?
2022-05-06 22:37:25,562 : INFO : using the DisariumNumber function from previous Question
2022-05-06 22:37:25,562 : INFO : Start executing Q1. Write a Python program to check if the given number is a Disarium Number?
2022-05-06 22:37:25,562 : INFO : using the DisariumNumber function from previous Question
2022-05-06 22:37:25,562 : INFO : Start executing Q1. Write a Python program to check if the given number is a Disarium Number?
2022-05-06 22:37:25,562 : INFO : using the DisariumNumber function from previous Question
2022-05-06 22:37:25,562 : INFO : Start executing Q1. Write a Python program to check if the given number is a Disarium Number?
2022-05-06 22:37:25,562 : INFO : using the DisariumNumber function from previous Question
2022-05-06 22:37:25,562 : INFO : Start executing Q1. Write a Python program to check if the given number is a Disarium Number?
2022-05-06 22:37:25,562 : INFO : using the DisariumNumber function from previous Question
2022-05-06 22:37:25,562 : INFO : Start executing Q1. Write a Python program to check if the given number is a Disarium Number?
2022-05-06 22:37:25,562 : INFO : using the DisariumNumber function from previous Question
2022-05-06 22:37:25,562 : INFO : Start executing Q1. Write a Python program to check if the given number is a Disarium Number?
2022-05-06 22:37:25,562 : INFO : using the DisariumNumber function from previous Question
2022-05-06 22:37:25,562 : INFO : Start executing Q1. Write a Python program to check if the given number is a Disarium Number?
2022-05-06 22:37:25,562 : INFO : using the DisariumNumber function from previous Question
2022-05-06 22:37:25,562 : INFO : Start executing Q1. Write a Python program to check if the given number is a Disarium Number?
2022-05-06 22:37:25,562 : INFO : using the DisariumNumber function from previous Question
2022-05-06 22:37:25,562 : INFO : Start executing Q1. Write a Python program to check if the given number is a Disarium Number?
2022-05-06 22:37:25,562 : INFO : using the DisariumNumber function from previous Question
2022-05-06 22:37:25,562 : INFO : Start executing Q1. Write a Python program to check if the given number is a Disarium Number?
2022-05-06 22:37:25,562 : INFO : using the DisariumNumber function from previous Question
2022-05-06 22:37:25,562 : INFO : Start executing Q1. Write a Python program to check if the given number is a Disarium Number?
2022-05-06 22:37:25,562 : INFO : using the DisariumNumber function from previous Question
2022-05-06 22:37:25,562 : INFO : Start executing Q1. Write a Python program to check if the given number is a Disarium Number?
2022-05-06 22:37:25,562 : INFO : using the DisariumNumber function from previous Question
2022-05-06 22:37:25,562 : INFO : Start executing Q1. Write a Python program to check if the given number is a Disarium Number?
2022-05-06 22:37:25,562 : INFO : using the DisariumNumber function from previous Question
2022-05-06 22:37:25,562 : INFO : Start executing Q1. Write a Python program to check if the given number is a Disarium Number?
2022-05-06 22:37:25,562 : INFO : using the DisariumNumber function from previous Question
2022-05-06 22:37:25,562 : INFO : Start executing Q1. Write a Python program to check if the given number is a Disarium Number?
2022-05-06 22:37:25,562 : INFO : using the DisariumNumber function from previous Question
2022-05-06 22:37:25,562 : INFO : Start executing Q1. Write a Python program to check if the given number is a Disarium Number?
2022-05-06 22:37:25,562 : INFO : using the DisariumNumber function from previous Question
2022-05-06 22:37:25,562 : INFO : Start executing Q1. Write a Python program to check if the given number is a Disarium Number?
2022-05-06 22:37:25,562 : INFO : using the DisariumNumber function from previous Question
2022-05-06 22:37:25,562 : INFO : Start executing Q1. Write a Python program to check if the given number is a Disarium Number?
2022-05-06 22:37:25,562 : INFO : using the DisariumNumber function from previous Question
2022-05-06 22:37:25,562 : INFO : Start executing Q1. Write a Python program to check if the given number is a Disarium Number?
2022-05-06 22:37:25,562 : INFO : using the DisariumNumber function from previous Question
2022-05-06 22:37:25,562 : INFO : Start executing Q1. Write a Python program to check if the given number is a Disarium Number?
2022-05-06 22:37:25,562 : INFO : using the DisariumNumber function from previous Question
2022-05-06 22:37:25,562 : INFO : Start executing Q1. Write a Python program to check if the given number is a Disarium Number?
2022-05-06 22:37:25,562 : INFO : using the DisariumNumber function from previous Question
2022-05-06 22:37:25,562 : INFO : Start executing Q1. Write a Python program to check if the given number is a Disarium Number?
2022-05-06 22:37:25,562 : INFO : using the DisariumNumber function from previous Question
2022-05-06 22:37:25,562 : INFO : Start executing Q1. Write a Python program to check if the given number is a Disarium Number?
2022-05-06 22:37:25,562 : INFO : using the DisariumNumber function from previous Question
2022-05-06 22:37:25,562 : INFO : Start executing Q1. Write a Python program to check if the given number is a Disarium Number?
2022-05-06 22:37:25,562 : INFO : using the DisariumNumber function from previous Question
2022-05-06 22:37:25,562 : INFO : Start executing Q1. Write a Python program to check if the given number is a Disarium Number?
2022-05-06 22:37:25,562 : INFO : using the DisariumNumber function from previous Question
2022-05-06 22:37:25,562 : INFO : Start executing Q1. Write a Python program to check if the given number is a Disarium Number?
2022-05-06 22:37:25,562 : INFO : using the DisariumNumber function from previous Question
2022-05-06 22:37:25,562 : INFO : Start executing Q1. Write a Python program to check if the given number is a Disarium Number?
2022-05-06 22:37:25,562 : INFO : using the DisariumNumber function from previous Question
2022-05-06 22:37:25,562 : INFO : Start executing Q1. Write a Python program to check if the given number is a Disarium Number?
2022-05-06 22:37:25,562 : INFO : using the DisariumNumber function from previous Question
2022-05-06 22:37:25,562 : INFO : Start executing Q1. Write a Python program to check if the given number is a Disarium Number?
2022-05-06 22:37:25,562 : INFO : using the DisariumNumber function from previous Question
2022-05-06 22:37:25,562 : INFO : Start executing Q1. Write a Python program to check if the given number is a Disarium Number?
2022-05-06 22:43:06,408 : DEBUG : diff parser start
2022-05-06 22:43:06,408 : DEBUG : line_lengths old: 1; new: 3
2022-05-06 22:43:06,408 : DEBUG : -> code[replace] old[1:1] new[1:3]
2022-05-06 22:43:06,408 : DEBUG : parse_part from 1 to 3 (to 2 in part parser)
2022-05-06 22:43:06,408 : DEBUG : diff parser end
2022-05-06 22:50:40,522 : DEBUG : diff parser start
2022-05-06 22:50:40,522 : DEBUG : line_lengths old: 3; new: 15
2022-05-06 22:50:40,522 : DEBUG : -> code[equal] old[1:2] new[1:2]
2022-05-06 22:50:40,522 : DEBUG : copy old[1:2] new[1:2]
2022-05-06 22:50:40,522 : DEBUG : -> code[replace] old[3:3] new[3:15]
2022-05-06 22:50:40,535 : DEBUG : parse_part from 3 to 15 (to 14 in part parser)
2022-05-06 22:50:40,535 : DEBUG : diff parser end
2022-05-06 22:50:40,617 : DEBUG : pickle loaded: C:\Users\HP\anaconda3\lib\abc.py
2022-05-06 22:50:40,648 : DEBUG : pickle loaded: C:\Users\HP\anaconda3\lib\site-packages\jedi\third_party\typeshed\stdlib\3\abc.pyi
2022-05-06 22:50:42,968 : DEBUG : diff parser start
2022-05-06 22:50:42,968 : DEBUG : line_lengths old: 15; new: 15
2022-05-06 22:50:42,968 : DEBUG : -> code[equal] old[1:14] new[1:14]
2022-05-06 22:50:42,968 : DEBUG : copy old[1:14] new[1:3]
2022-05-06 22:50:42,980 : DEBUG : parse_part from 4 to 15 (to 14 in part parser)
2022-05-06 22:50:42,980 : DEBUG : -> code[replace] old[15:15] new[15:15]
2022-05-06 22:50:42,980 : DEBUG : diff parser end
2022-05-06 22:51:29,919 : DEBUG : diff parser start
2022-05-06 22:51:29,919 : DEBUG : line_lengths old: 15; new: 1
2022-05-06 22:51:29,919 : DEBUG : -> code[replace] old[1:15] new[1:1]
2022-05-06 22:51:29,919 : DEBUG : parse_part from 1 to 1 (to 0 in part parser)
2022-05-06 22:51:29,919 : DEBUG : diff parser end
2022-05-06 22:51:36,195 : INFO : Start executing Q3. Write a Python program to check if the given number is Happy Number?
2022-05-06 22:51:42,980 : DEBUG : diff parser start
2022-05-06 22:51:42,980 : DEBUG : line_lengths old: 1; new: 1
2022-05-06 22:51:42,980 : DEBUG : -> code[replace] old[1:1] new[1:1]
2022-05-06 22:51:42,980 : DEBUG : parse_part from 1 to 1 (to 0 in part parser)
2022-05-06 22:51:42,980 : DEBUG : diff parser end
2022-05-06 22:51:47,593 : INFO : Start executing Q3. Write a Python program to check if the given number is Happy Number?
2022-05-06 22:54:57,961 : DEBUG : diff parser start
2022-05-06 22:54:57,961 : DEBUG : line_lengths old: 1; new: 7
2022-05-06 22:54:57,961 : DEBUG : -> code[replace] old[1:1] new[1:7]
2022-05-06 22:54:57,961 : DEBUG : parse_part from 1 to 7 (to 6 in part parser)
2022-05-06 22:54:57,961 : DEBUG : diff parser end
2022-05-06 22:55:25,389 : DEBUG : diff parser start
2022-05-06 22:55:25,389 : DEBUG : line_lengths old: 7; new: 1
2022-05-06 22:55:25,389 : DEBUG : -> code[replace] old[1:7] new[1:1]
2022-05-06 22:55:25,389 : DEBUG : parse_part from 1 to 1 (to 0 in part parser)
2022-05-06 22:55:25,389 : DEBUG : diff parser end
2022-05-06 22:55:28,502 : INFO : Start executing Q4. Write a Python program to print all happy numbers between 1 and 100?
2022-05-06 22:55:28,502 : INFO : using the HappyNumber function from previous Question
2022-05-06 22:55:28,502 : INFO : Start executing Q3. Write a Python program to check if the given number is Happy Number?
2022-05-06 22:55:28,502 : INFO : using the HappyNumber function from previous Question
2022-05-06 22:55:28,502 : INFO : Start executing Q3. Write a Python program to check if the given number is Happy Number?
2022-05-06 22:55:28,502 : INFO : using the HappyNumber function from previous Question
2022-05-06 22:55:28,502 : INFO : Start executing Q3. Write a Python program to check if the given number is Happy Number?
2022-05-06 22:55:28,510 : INFO : using the HappyNumber function from previous Question
2022-05-06 22:55:28,510 : INFO : Start executing Q3. Write a Python program to check if the given number is Happy Number?
2022-05-06 22:55:28,510 : INFO : using the HappyNumber function from previous Question
2022-05-06 22:55:28,510 : INFO : Start executing Q3. Write a Python program to check if the given number is Happy Number?
2022-05-06 22:55:28,510 : INFO : using the HappyNumber function from previous Question
2022-05-06 22:55:28,510 : INFO : Start executing Q3. Write a Python program to check if the given number is Happy Number?
2022-05-06 22:55:28,512 : INFO : using the HappyNumber function from previous Question
2022-05-06 22:55:28,512 : INFO : Start executing Q3. Write a Python program to check if the given number is Happy Number?
2022-05-06 22:55:28,512 : INFO : using the HappyNumber function from previous Question
2022-05-06 22:55:28,512 : INFO : Start executing Q3. Write a Python program to check if the given number is Happy Number?
2022-05-06 22:55:28,513 : INFO : using the HappyNumber function from previous Question
2022-05-06 22:55:28,513 : INFO : Start executing Q3. Write a Python program to check if the given number is Happy Number?
2022-05-06 22:55:28,513 : INFO : using the HappyNumber function from previous Question
2022-05-06 22:55:28,513 : INFO : Start executing Q3. Write a Python program to check if the given number is Happy Number?
2022-05-06 22:55:28,513 : INFO : using the HappyNumber function from previous Question
2022-05-06 22:55:28,513 : INFO : Start executing Q3. Write a Python program to check if the given number is Happy Number?
2022-05-06 22:55:28,513 : INFO : using the HappyNumber function from previous Question
2022-05-06 22:55:28,513 : INFO : Start executing Q3. Write a Python program to check if the given number is Happy Number?
2022-05-06 22:55:28,514 : INFO : using the HappyNumber function from previous Question
2022-05-06 22:55:28,514 : INFO : Start executing Q3. Write a Python program to check if the given number is Happy Number?
2022-05-06 22:55:28,514 : INFO : using the HappyNumber function from previous Question
2022-05-06 22:55:28,515 : INFO : Start executing Q3. Write a Python program to check if the given number is Happy Number?
2022-05-06 22:55:28,515 : INFO : using the HappyNumber function from previous Question
2022-05-06 22:55:28,515 : INFO : Start executing Q3. Write a Python program to check if the given number is Happy Number?
2022-05-06 22:55:28,515 : INFO : using the HappyNumber function from previous Question
2022-05-06 22:55:28,515 : INFO : Start executing Q3. Write a Python program to check if the given number is Happy Number?
2022-05-06 22:55:28,515 : INFO : using the HappyNumber function from previous Question
2022-05-06 22:55:28,515 : INFO : Start executing Q3. Write a Python program to check if the given number is Happy Number?
2022-05-06 22:55:28,515 : INFO : using the HappyNumber function from previous Question
2022-05-06 22:55:28,515 : INFO : Start executing Q3. Write a Python program to check if the given number is Happy Number?
2022-05-06 22:55:28,515 : INFO : using the HappyNumber function from previous Question
2022-05-06 22:55:28,515 : INFO : Start executing Q3. Write a Python program to check if the given number is Happy Number?
2022-05-06 22:55:28,516 : INFO : using the HappyNumber function from previous Question
2022-05-06 22:55:28,516 : INFO : Start executing Q3. Write a Python program to check if the given number is Happy Number?
2022-05-06 22:55:28,516 : INFO : using the HappyNumber function from previous Question
2022-05-06 22:55:28,516 : INFO : Start executing Q3. Write a Python program to check if the given number is Happy Number?
2022-05-06 22:55:28,516 : INFO : using the HappyNumber function from previous Question
2022-05-06 22:55:28,516 : INFO : Start executing Q3. Write a Python program to check if the given number is Happy Number?
2022-05-06 22:55:28,516 : INFO : using the HappyNumber function from previous Question
2022-05-06 22:55:28,516 : INFO : Start executing Q3. Write a Python program to check if the given number is Happy Number?
2022-05-06 22:55:28,516 : INFO : using the HappyNumber function from previous Question
2022-05-06 22:55:28,516 : INFO : Start executing Q3. Write a Python program to check if the given number is Happy Number?
2022-05-06 22:55:28,516 : INFO : using the HappyNumber function from previous Question
2022-05-06 22:55:28,516 : INFO : Start executing Q3. Write a Python program to check if the given number is Happy Number?
2022-05-06 22:55:28,516 : INFO : using the HappyNumber function from previous Question
2022-05-06 22:55:28,516 : INFO : Start executing Q3. Write a Python program to check if the given number is Happy Number?
2022-05-06 22:55:28,516 : INFO : using the HappyNumber function from previous Question
2022-05-06 22:55:28,516 : INFO : Start executing Q3. Write a Python program to check if the given number is Happy Number?
2022-05-06 22:55:28,516 : INFO : using the HappyNumber function from previous Question
2022-05-06 22:55:28,516 : INFO : Start executing Q3. Write a Python program to check if the given number is Happy Number?
2022-05-06 22:55:28,516 : INFO : using the HappyNumber function from previous Question
2022-05-06 22:55:28,516 : INFO : Start executing Q3. Write a Python program to check if the given number is Happy Number?
2022-05-06 22:55:28,516 : INFO : using the HappyNumber function from previous Question
2022-05-06 22:55:28,516 : INFO : Start executing Q3. Write a Python program to check if the given number is Happy Number?
2022-05-06 22:55:28,516 : INFO : using the HappyNumber function from previous Question
2022-05-06 22:55:28,516 : INFO : Start executing Q3. Write a Python program to check if the given number is Happy Number?
2022-05-06 22:55:28,516 : INFO : using the HappyNumber function from previous Question
2022-05-06 22:55:28,516 : INFO : Start executing Q3. Write a Python program to check if the given number is Happy Number?
2022-05-06 22:55:28,516 : INFO : using the HappyNumber function from previous Question
2022-05-06 22:55:28,516 : INFO : Start executing Q3. Write a Python program to check if the given number is Happy Number?
2022-05-06 22:55:28,516 : INFO : using the HappyNumber function from previous Question
2022-05-06 22:55:28,516 : INFO : Start executing Q3. Write a Python program to check if the given number is Happy Number?
2022-05-06 22:55:28,516 : INFO : using the HappyNumber function from previous Question
2022-05-06 22:55:28,516 : INFO : Start executing Q3. Write a Python program to check if the given number is Happy Number?
2022-05-06 22:55:28,516 : INFO : using the HappyNumber function from previous Question
2022-05-06 22:55:28,516 : INFO : Start executing Q3. Write a Python program to check if the given number is Happy Number?
2022-05-06 22:55:28,516 : INFO : using the HappyNumber function from previous Question
2022-05-06 22:55:28,516 : INFO : Start executing Q3. Write a Python program to check if the given number is Happy Number?
2022-05-06 22:55:28,516 : INFO : using the HappyNumber function from previous Question
2022-05-06 22:55:28,516 : INFO : Start executing Q3. Write a Python program to check if the given number is Happy Number?
2022-05-06 22:55:28,516 : INFO : using the HappyNumber function from previous Question
2022-05-06 22:55:28,516 : INFO : Start executing Q3. Write a Python program to check if the given number is Happy Number?
2022-05-06 22:55:28,516 : INFO : using the HappyNumber function from previous Question
2022-05-06 22:55:28,516 : INFO : Start executing Q3. Write a Python program to check if the given number is Happy Number?
2022-05-06 22:55:28,516 : INFO : using the HappyNumber function from previous Question
2022-05-06 22:55:28,524 : INFO : Start executing Q3. Write a Python program to check if the given number is Happy Number?
2022-05-06 22:55:28,524 : INFO : using the HappyNumber function from previous Question
2022-05-06 22:55:28,524 : INFO : Start executing Q3. Write a Python program to check if the given number is Happy Number?
2022-05-06 22:55:28,524 : INFO : using the HappyNumber function from previous Question
2022-05-06 22:55:28,524 : INFO : Start executing Q3. Write a Python program to check if the given number is Happy Number?
2022-05-06 22:55:28,524 : INFO : using the HappyNumber function from previous Question
2022-05-06 22:55:28,524 : INFO : Start executing Q3. Write a Python program to check if the given number is Happy Number?
2022-05-06 22:55:28,524 : INFO : using the HappyNumber function from previous Question
2022-05-06 22:55:28,524 : INFO : Start executing Q3. Write a Python program to check if the given number is Happy Number?
2022-05-06 22:55:28,524 : INFO : using the HappyNumber function from previous Question
2022-05-06 22:55:28,524 : INFO : Start executing Q3. Write a Python program to check if the given number is Happy Number?
2022-05-06 22:55:28,524 : INFO : using the HappyNumber function from previous Question
2022-05-06 22:55:28,524 : INFO : Start executing Q3. Write a Python program to check if the given number is Happy Number?
2022-05-06 22:55:28,524 : INFO : using the HappyNumber function from previous Question
2022-05-06 22:55:28,524 : INFO : Start executing Q3. Write a Python program to check if the given number is Happy Number?
2022-05-06 22:55:28,524 : INFO : using the HappyNumber function from previous Question
2022-05-06 22:55:28,524 : INFO : Start executing Q3. Write a Python program to check if the given number is Happy Number?
2022-05-06 22:55:28,524 : INFO : using the HappyNumber function from previous Question
2022-05-06 22:55:28,524 : INFO : Start executing Q3. Write a Python program to check if the given number is Happy Number?
2022-05-06 22:55:28,524 : INFO : using the HappyNumber function from previous Question
2022-05-06 22:55:28,524 : INFO : Start executing Q3. Write a Python program to check if the given number is Happy Number?
2022-05-06 22:55:28,524 : INFO : using the HappyNumber function from previous Question
2022-05-06 22:55:28,524 : INFO : Start executing Q3. Write a Python program to check if the given number is Happy Number?
2022-05-06 22:55:28,524 : INFO : using the HappyNumber function from previous Question
2022-05-06 22:55:28,524 : INFO : Start executing Q3. Write a Python program to check if the given number is Happy Number?
2022-05-06 22:55:28,524 : INFO : using the HappyNumber function from previous Question
2022-05-06 22:55:28,524 : INFO : Start executing Q3. Write a Python program to check if the given number is Happy Number?
2022-05-06 22:55:28,524 : INFO : using the HappyNumber function from previous Question
2022-05-06 22:55:28,524 : INFO : Start executing Q3. Write a Python program to check if the given number is Happy Number?
2022-05-06 22:55:28,524 : INFO : using the HappyNumber function from previous Question
2022-05-06 22:55:28,524 : INFO : Start executing Q3. Write a Python program to check if the given number is Happy Number?
2022-05-06 22:55:28,524 : INFO : using the HappyNumber function from previous Question
2022-05-06 22:55:28,524 : INFO : Start executing Q3. Write a Python program to check if the given number is Happy Number?
2022-05-06 22:55:28,524 : INFO : using the HappyNumber function from previous Question
2022-05-06 22:55:28,524 : INFO : Start executing Q3. Write a Python program to check if the given number is Happy Number?
2022-05-06 22:55:28,524 : INFO : using the HappyNumber function from previous Question
2022-05-06 22:55:28,524 : INFO : Start executing Q3. Write a Python program to check if the given number is Happy Number?
2022-05-06 22:55:28,524 : INFO : using the HappyNumber function from previous Question
2022-05-06 22:55:28,524 : INFO : Start executing Q3. Write a Python program to check if the given number is Happy Number?
2022-05-06 22:55:28,524 : INFO : using the HappyNumber function from previous Question
2022-05-06 22:55:28,524 : INFO : Start executing Q3. Write a Python program to check if the given number is Happy Number?
2022-05-06 22:55:28,524 : INFO : using the HappyNumber function from previous Question
2022-05-06 22:55:28,524 : INFO : Start executing Q3. Write a Python program to check if the given number is Happy Number?
2022-05-06 22:55:28,524 : INFO : using the HappyNumber function from previous Question
2022-05-06 22:55:28,524 : INFO : Start executing Q3. Write a Python program to check if the given number is Happy Number?
2022-05-06 22:55:28,524 : INFO : using the HappyNumber function from previous Question
2022-05-06 22:55:28,524 : INFO : Start executing Q3. Write a Python program to check if the given number is Happy Number?
2022-05-06 22:55:28,524 : INFO : using the HappyNumber function from previous Question
2022-05-06 22:55:28,524 : INFO : Start executing Q3. Write a Python program to check if the given number is Happy Number?
2022-05-06 22:55:28,524 : INFO : using the HappyNumber function from previous Question
2022-05-06 22:55:28,524 : INFO : Start executing Q3. Write a Python program to check if the given number is Happy Number?
2022-05-06 22:55:28,524 : INFO : using the HappyNumber function from previous Question
2022-05-06 22:55:28,524 : INFO : Start executing Q3. Write a Python program to check if the given number is Happy Number?
2022-05-06 22:55:28,524 : INFO : using the HappyNumber function from previous Question
2022-05-06 22:55:28,524 : INFO : Start executing Q3. Write a Python program to check if the given number is Happy Number?
2022-05-06 22:55:28,524 : INFO : using the HappyNumber function from previous Question
2022-05-06 22:55:28,524 : INFO : Start executing Q3. Write a Python program to check if the given number is Happy Number?
2022-05-06 22:55:28,524 : INFO : using the HappyNumber function from previous Question
2022-05-06 22:55:28,524 : INFO : Start executing Q3. Write a Python program to check if the given number is Happy Number?
2022-05-06 22:55:28,524 : INFO : using the HappyNumber function from previous Question
2022-05-06 22:55:28,524 : INFO : Start executing Q3. Write a Python program to check if the given number is Happy Number?
2022-05-06 22:55:28,532 : INFO : using the HappyNumber function from previous Question
2022-05-06 22:55:28,532 : INFO : Start executing Q3. Write a Python program to check if the given number is Happy Number?
2022-05-06 22:55:28,532 : INFO : using the HappyNumber function from previous Question
2022-05-06 22:55:28,532 : INFO : Start executing Q3. Write a Python program to check if the given number is Happy Number?
2022-05-06 22:55:28,532 : INFO : using the HappyNumber function from previous Question
2022-05-06 22:55:28,532 : INFO : Start executing Q3. Write a Python program to check if the given number is Happy Number?
2022-05-06 22:55:28,532 : INFO : using the HappyNumber function from previous Question
2022-05-06 22:55:28,532 : INFO : Start executing Q3. Write a Python program to check if the given number is Happy Number?
2022-05-06 22:55:28,532 : INFO : using the HappyNumber function from previous Question
2022-05-06 22:55:28,532 : INFO : Start executing Q3. Write a Python program to check if the given number is Happy Number?
2022-05-06 22:55:28,532 : INFO : using the HappyNumber function from previous Question
2022-05-06 22:55:28,532 : INFO : Start executing Q3. Write a Python program to check if the given number is Happy Number?
2022-05-06 22:55:28,532 : INFO : using the HappyNumber function from previous Question
2022-05-06 22:55:28,532 : INFO : Start executing Q3. Write a Python program to check if the given number is Happy Number?
2022-05-06 22:55:28,532 : INFO : using the HappyNumber function from previous Question
2022-05-06 22:55:28,532 : INFO : Start executing Q3. Write a Python program to check if the given number is Happy Number?
2022-05-06 22:55:28,532 : INFO : using the HappyNumber function from previous Question
2022-05-06 22:55:28,532 : INFO : Start executing Q3. Write a Python program to check if the given number is Happy Number?
2022-05-06 22:55:28,532 : INFO : using the HappyNumber function from previous Question
2022-05-06 22:55:28,532 : INFO : Start executing Q3. Write a Python program to check if the given number is Happy Number?
2022-05-06 22:55:28,532 : INFO : using the HappyNumber function from previous Question
2022-05-06 22:55:28,532 : INFO : Start executing Q3. Write a Python program to check if the given number is Happy Number?
2022-05-06 22:55:28,532 : INFO : using the HappyNumber function from previous Question
2022-05-06 22:55:28,532 : INFO : Start executing Q3. Write a Python program to check if the given number is Happy Number?
2022-05-06 22:55:28,532 : INFO : using the HappyNumber function from previous Question
2022-05-06 22:55:28,532 : INFO : Start executing Q3. Write a Python program to check if the given number is Happy Number?
2022-05-06 22:55:28,532 : INFO : using the HappyNumber function from previous Question
2022-05-06 22:55:28,532 : INFO : Start executing Q3. Write a Python program to check if the given number is Happy Number?
2022-05-06 22:55:28,532 : INFO : using the HappyNumber function from previous Question
2022-05-06 22:55:28,532 : INFO : Start executing Q3. Write a Python program to check if the given number is Happy Number?
2022-05-06 22:55:28,532 : INFO : using the HappyNumber function from previous Question
2022-05-06 22:55:28,532 : INFO : Start executing Q3. Write a Python program to check if the given number is Happy Number?
2022-05-06 22:55:28,532 : INFO : using the HappyNumber function from previous Question
2022-05-06 22:55:28,532 : INFO : Start executing Q3. Write a Python program to check if the given number is Happy Number?
2022-05-06 22:55:28,532 : INFO : using the HappyNumber function from previous Question
2022-05-06 22:55:28,532 : INFO : Start executing Q3. Write a Python program to check if the given number is Happy Number?
2022-05-06 22:55:28,532 : INFO : using the HappyNumber function from previous Question
2022-05-06 22:55:28,532 : INFO : Start executing Q3. Write a Python program to check if the given number is Happy Number?
2022-05-06 22:55:28,532 : INFO : using the HappyNumber function from previous Question
2022-05-06 22:55:28,532 : INFO : Start executing Q3. Write a Python program to check if the given number is Happy Number?
2022-05-06 22:55:28,532 : INFO : using the HappyNumber function from previous Question
2022-05-06 22:55:28,532 : INFO : Start executing Q3. Write a Python program to check if the given number is Happy Number?
2022-05-06 22:55:28,532 : INFO : using the HappyNumber function from previous Question
2022-05-06 22:55:28,532 : INFO : Start executing Q3. Write a Python program to check if the given number is Happy Number?
2022-05-06 22:55:28,532 : INFO : using the HappyNumber function from previous Question
2022-05-06 22:55:28,532 : INFO : Start executing Q3. Write a Python program to check if the given number is Happy Number?
2022-05-06 22:55:28,532 : INFO : using the HappyNumber function from previous Question
2022-05-06 22:55:28,532 : INFO : Start executing Q3. Write a Python program to check if the given number is Happy Number?
2022-05-06 22:55:28,532 : INFO : using the HappyNumber function from previous Question
2022-05-06 22:55:28,532 : INFO : Start executing Q3. Write a Python program to check if the given number is Happy Number?
2022-05-06 22:55:28,532 : INFO : using the HappyNumber function from previous Question
2022-05-06 22:55:28,532 : INFO : Start executing Q3. Write a Python program to check if the given number is Happy Number?
2022-05-06 22:55:28,532 : INFO : using the HappyNumber function from previous Question
2022-05-06 22:55:28,532 : INFO : Start executing Q3. Write a Python program to check if the given number is Happy Number?
2022-05-06 22:55:28,532 : INFO : using the HappyNumber function from previous Question
2022-05-06 22:55:28,532 : INFO : Start executing Q3. Write a Python program to check if the given number is Happy Number?
2022-05-06 22:55:28,532 : INFO : using the HappyNumber function from previous Question
2022-05-06 22:55:28,532 : INFO : Start executing Q3. Write a Python program to check if the given number is Happy Number?
2022-05-06 22:58:05,247 : DEBUG : diff parser start
2022-05-06 22:58:05,247 : DEBUG : line_lengths old: 1; new: 3
2022-05-06 22:58:05,247 : DEBUG : -> code[replace] old[1:1] new[1:3]
2022-05-06 22:58:05,247 : DEBUG : parse_part from 1 to 3 (to 2 in part parser)
2022-05-06 22:58:05,247 : DEBUG : diff parser end
2022-05-06 22:58:07,068 : DEBUG : diff parser start
2022-05-06 22:58:07,068 : DEBUG : line_lengths old: 3; new: 3
2022-05-06 22:58:07,068 : DEBUG : -> code[equal] old[1:2] new[1:2]
2022-05-06 22:58:07,068 : DEBUG : copy old[1:2] new[1:2]
2022-05-06 22:58:07,068 : DEBUG : -> code[replace] old[3:3] new[3:3]
2022-05-06 22:58:07,068 : DEBUG : parse_part from 3 to 3 (to 2 in part parser)
2022-05-06 22:58:07,068 : DEBUG : diff parser end
2022-05-06 23:08:50,875 : DEBUG : diff parser start
2022-05-06 23:08:50,875 : DEBUG : line_lengths old: 3; new: 1
2022-05-06 23:08:50,875 : DEBUG : -> code[replace] old[1:3] new[1:1]
2022-05-06 23:08:50,875 : DEBUG : parse_part from 1 to 1 (to 0 in part parser)
2022-05-06 23:08:50,875 : DEBUG : diff parser end
2022-05-06 23:09:06,533 : INFO : Start executing Q5. Write a Python program to determine whether the given number is a Harshad Number?
2022-05-06 23:09:13,119 : DEBUG : diff parser start
2022-05-06 23:09:13,119 : DEBUG : line_lengths old: 1; new: 1
2022-05-06 23:09:13,119 : DEBUG : -> code[replace] old[1:1] new[1:1]
2022-05-06 23:09:13,119 : DEBUG : parse_part from 1 to 1 (to 0 in part parser)
2022-05-06 23:09:13,119 : DEBUG : diff parser end
2022-05-06 23:09:25,523 : INFO : Start executing Q5. Write a Python program to determine whether the given number is a Harshad Number?
2022-05-06 23:11:02,027 : DEBUG : diff parser start
2022-05-06 23:11:02,027 : DEBUG : line_lengths old: 1; new: 7
2022-05-06 23:11:02,042 : DEBUG : -> code[replace] old[1:1] new[1:7]
2022-05-06 23:11:02,044 : DEBUG : parse_part from 1 to 7 (to 6 in part parser)
2022-05-06 23:11:02,044 : DEBUG : diff parser end
2022-05-06 23:11:27,958 : DEBUG : diff parser start
2022-05-06 23:11:27,958 : DEBUG : line_lengths old: 7; new: 1
2022-05-06 23:11:27,958 : DEBUG : -> code[replace] old[1:7] new[1:1]
2022-05-06 23:11:27,958 : DEBUG : parse_part from 1 to 1 (to 0 in part parser)
2022-05-06 23:11:27,958 : DEBUG : diff parser end
2022-05-06 23:11:31,659 : INFO : Start executing Q6. Write a Python program to print all pronic numbers between 1 and 100?
2022-05-06 23:11:31,659 : INFO : using the HarshadNumber function from previous Question
2022-05-06 23:11:31,659 : INFO : Start executing Q5. Write a Python program to determine whether the given number is a Harshad Number?
2022-05-06 23:11:31,659 : INFO : using the HarshadNumber function from previous Question
2022-05-06 23:11:31,659 : INFO : Start executing Q5. Write a Python program to determine whether the given number is a Harshad Number?
2022-05-06 23:11:31,659 : INFO : using the HarshadNumber function from previous Question
2022-05-06 23:11:31,659 : INFO : Start executing Q5. Write a Python program to determine whether the given number is a Harshad Number?
2022-05-06 23:11:31,659 : INFO : using the HarshadNumber function from previous Question
2022-05-06 23:11:31,659 : INFO : Start executing Q5. Write a Python program to determine whether the given number is a Harshad Number?
2022-05-06 23:11:31,659 : INFO : using the HarshadNumber function from previous Question
2022-05-06 23:11:31,659 : INFO : Start executing Q5. Write a Python program to determine whether the given number is a Harshad Number?
2022-05-06 23:11:31,665 : INFO : using the HarshadNumber function from previous Question
2022-05-06 23:11:31,665 : INFO : Start executing Q5. Write a Python program to determine whether the given number is a Harshad Number?
2022-05-06 23:11:31,666 : INFO : using the HarshadNumber function from previous Question
2022-05-06 23:11:31,666 : INFO : Start executing Q5. Write a Python program to determine whether the given number is a Harshad Number?
2022-05-06 23:11:31,667 : INFO : using the HarshadNumber function from previous Question
2022-05-06 23:11:31,667 : INFO : Start executing Q5. Write a Python program to determine whether the given number is a Harshad Number?
2022-05-06 23:11:31,667 : INFO : using the HarshadNumber function from previous Question
2022-05-06 23:11:31,667 : INFO : Start executing Q5. Write a Python program to determine whether the given number is a Harshad Number?
2022-05-06 23:11:31,667 : INFO : using the HarshadNumber function from previous Question
2022-05-06 23:11:31,667 : INFO : Start executing Q5. Write a Python program to determine whether the given number is a Harshad Number?
2022-05-06 23:11:31,667 : INFO : using the HarshadNumber function from previous Question
2022-05-06 23:11:31,667 : INFO : Start executing Q5. Write a Python program to determine whether the given number is a Harshad Number?
2022-05-06 23:11:31,667 : INFO : using the HarshadNumber function from previous Question
2022-05-06 23:11:31,667 : INFO : Start executing Q5. Write a Python program to determine whether the given number is a Harshad Number?
2022-05-06 23:11:31,668 : INFO : using the HarshadNumber function from previous Question
2022-05-06 23:11:31,670 : INFO : Start executing Q5. Write a Python program to determine whether the given number is a Harshad Number?
2022-05-06 23:11:31,670 : INFO : using the HarshadNumber function from previous Question
2022-05-06 23:11:31,670 : INFO : Start executing Q5. Write a Python program to determine whether the given number is a Harshad Number?
2022-05-06 23:11:31,670 : INFO : using the HarshadNumber function from previous Question
2022-05-06 23:11:31,670 : INFO : Start executing Q5. Write a Python program to determine whether the given number is a Harshad Number?
2022-05-06 23:11:31,670 : INFO : using the HarshadNumber function from previous Question
2022-05-06 23:11:31,670 : INFO : Start executing Q5. Write a Python program to determine whether the given number is a Harshad Number?
2022-05-06 23:11:31,670 : INFO : using the HarshadNumber function from previous Question
2022-05-06 23:11:31,670 : INFO : Start executing Q5. Write a Python program to determine whether the given number is a Harshad Number?
2022-05-06 23:11:31,670 : INFO : using the HarshadNumber function from previous Question
2022-05-06 23:11:31,670 : INFO : Start executing Q5. Write a Python program to determine whether the given number is a Harshad Number?
2022-05-06 23:11:31,670 : INFO : using the HarshadNumber function from previous Question
2022-05-06 23:11:31,670 : INFO : Start executing Q5. Write a Python program to determine whether the given number is a Harshad Number?
2022-05-06 23:11:31,670 : INFO : using the HarshadNumber function from previous Question
2022-05-06 23:11:31,670 : INFO : Start executing Q5. Write a Python program to determine whether the given number is a Harshad Number?
2022-05-06 23:11:31,670 : INFO : using the HarshadNumber function from previous Question
2022-05-06 23:11:31,670 : INFO : Start executing Q5. Write a Python program to determine whether the given number is a Harshad Number?
2022-05-06 23:11:31,670 : INFO : using the HarshadNumber function from previous Question
2022-05-06 23:11:31,670 : INFO : Start executing Q5. Write a Python program to determine whether the given number is a Harshad Number?
2022-05-06 23:11:31,670 : INFO : using the HarshadNumber function from previous Question
2022-05-06 23:11:31,670 : INFO : Start executing Q5. Write a Python program to determine whether the given number is a Harshad Number?
2022-05-06 23:11:31,670 : INFO : using the HarshadNumber function from previous Question
2022-05-06 23:11:31,670 : INFO : Start executing Q5. Write a Python program to determine whether the given number is a Harshad Number?
2022-05-06 23:11:31,670 : INFO : using the HarshadNumber function from previous Question
2022-05-06 23:11:31,670 : INFO : Start executing Q5. Write a Python program to determine whether the given number is a Harshad Number?
2022-05-06 23:11:31,670 : INFO : using the HarshadNumber function from previous Question
2022-05-06 23:11:31,670 : INFO : Start executing Q5. Write a Python program to determine whether the given number is a Harshad Number?
2022-05-06 23:11:31,670 : INFO : using the HarshadNumber function from previous Question
2022-05-06 23:11:31,670 : INFO : Start executing Q5. Write a Python program to determine whether the given number is a Harshad Number?
2022-05-06 23:11:31,670 : INFO : using the HarshadNumber function from previous Question
2022-05-06 23:11:31,670 : INFO : Start executing Q5. Write a Python program to determine whether the given number is a Harshad Number?
2022-05-06 23:11:31,670 : INFO : using the HarshadNumber function from previous Question
2022-05-06 23:11:31,670 : INFO : Start executing Q5. Write a Python program to determine whether the given number is a Harshad Number?
2022-05-06 23:11:31,670 : INFO : using the HarshadNumber function from previous Question
2022-05-06 23:11:31,670 : INFO : Start executing Q5. Write a Python program to determine whether the given number is a Harshad Number?
2022-05-06 23:11:31,670 : INFO : using the HarshadNumber function from previous Question
2022-05-06 23:11:31,670 : INFO : Start executing Q5. Write a Python program to determine whether the given number is a Harshad Number?
2022-05-06 23:11:31,670 : INFO : using the HarshadNumber function from previous Question
2022-05-06 23:11:31,670 : INFO : Start executing Q5. Write a Python program to determine whether the given number is a Harshad Number?
2022-05-06 23:11:31,670 : INFO : using the HarshadNumber function from previous Question
2022-05-06 23:11:31,670 : INFO : Start executing Q5. Write a Python program to determine whether the given number is a Harshad Number?
2022-05-06 23:11:31,670 : INFO : using the HarshadNumber function from previous Question
2022-05-06 23:11:31,678 : INFO : Start executing Q5. Write a Python program to determine whether the given number is a Harshad Number?
2022-05-06 23:11:31,678 : INFO : using the HarshadNumber function from previous Question
2022-05-06 23:11:31,678 : INFO : Start executing Q5. Write a Python program to determine whether the given number is a Harshad Number?
2022-05-06 23:11:31,678 : INFO : using the HarshadNumber function from previous Question
2022-05-06 23:11:31,678 : INFO : Start executing Q5. Write a Python program to determine whether the given number is a Harshad Number?
2022-05-06 23:11:31,678 : INFO : using the HarshadNumber function from previous Question
2022-05-06 23:11:31,678 : INFO : Start executing Q5. Write a Python program to determine whether the given number is a Harshad Number?
2022-05-06 23:11:31,678 : INFO : using the HarshadNumber function from previous Question
2022-05-06 23:11:31,678 : INFO : Start executing Q5. Write a Python program to determine whether the given number is a Harshad Number?
2022-05-06 23:11:31,678 : INFO : using the HarshadNumber function from previous Question
2022-05-06 23:11:31,678 : INFO : Start executing Q5. Write a Python program to determine whether the given number is a Harshad Number?
2022-05-06 23:11:31,678 : INFO : using the HarshadNumber function from previous Question
2022-05-06 23:11:31,678 : INFO : Start executing Q5. Write a Python program to determine whether the given number is a Harshad Number?
2022-05-06 23:11:31,678 : INFO : using the HarshadNumber function from previous Question
2022-05-06 23:11:31,678 : INFO : Start executing Q5. Write a Python program to determine whether the given number is a Harshad Number?
2022-05-06 23:11:31,678 : INFO : using the HarshadNumber function from previous Question
2022-05-06 23:11:31,678 : INFO : Start executing Q5. Write a Python program to determine whether the given number is a Harshad Number?
2022-05-06 23:11:31,678 : INFO : using the HarshadNumber function from previous Question
2022-05-06 23:11:31,678 : INFO : Start executing Q5. Write a Python program to determine whether the given number is a Harshad Number?
2022-05-06 23:11:31,678 : INFO : using the HarshadNumber function from previous Question
2022-05-06 23:11:31,678 : INFO : Start executing Q5. Write a Python program to determine whether the given number is a Harshad Number?
2022-05-06 23:11:31,678 : INFO : using the HarshadNumber function from previous Question
2022-05-06 23:11:31,678 : INFO : Start executing Q5. Write a Python program to determine whether the given number is a Harshad Number?
2022-05-06 23:11:31,678 : INFO : using the HarshadNumber function from previous Question
2022-05-06 23:11:31,678 : INFO : Start executing Q5. Write a Python program to determine whether the given number is a Harshad Number?
2022-05-06 23:11:31,678 : INFO : using the HarshadNumber function from previous Question
2022-05-06 23:11:31,678 : INFO : Start executing Q5. Write a Python program to determine whether the given number is a Harshad Number?
2022-05-06 23:11:31,678 : INFO : using the HarshadNumber function from previous Question
2022-05-06 23:11:31,678 : INFO : Start executing Q5. Write a Python program to determine whether the given number is a Harshad Number?
2022-05-06 23:11:31,678 : INFO : using the HarshadNumber function from previous Question
2022-05-06 23:11:31,678 : INFO : Start executing Q5. Write a Python program to determine whether the given number is a Harshad Number?
2022-05-06 23:11:31,678 : INFO : using the HarshadNumber function from previous Question
2022-05-06 23:11:31,678 : INFO : Start executing Q5. Write a Python program to determine whether the given number is a Harshad Number?
2022-05-06 23:11:31,678 : INFO : using the HarshadNumber function from previous Question
2022-05-06 23:11:31,678 : INFO : Start executing Q5. Write a Python program to determine whether the given number is a Harshad Number?
2022-05-06 23:11:31,678 : INFO : using the HarshadNumber function from previous Question
2022-05-06 23:11:31,678 : INFO : Start executing Q5. Write a Python program to determine whether the given number is a Harshad Number?
2022-05-06 23:11:31,678 : INFO : using the HarshadNumber function from previous Question
2022-05-06 23:11:31,678 : INFO : Start executing Q5. Write a Python program to determine whether the given number is a Harshad Number?
2022-05-06 23:11:31,678 : INFO : using the HarshadNumber function from previous Question
2022-05-06 23:11:31,678 : INFO : Start executing Q5. Write a Python program to determine whether the given number is a Harshad Number?
2022-05-06 23:11:31,678 : INFO : using the HarshadNumber function from previous Question
2022-05-06 23:11:31,678 : INFO : Start executing Q5. Write a Python program to determine whether the given number is a Harshad Number?
2022-05-06 23:11:31,678 : INFO : using the HarshadNumber function from previous Question
2022-05-06 23:11:31,678 : INFO : Start executing Q5. Write a Python program to determine whether the given number is a Harshad Number?
2022-05-06 23:11:31,678 : INFO : using the HarshadNumber function from previous Question
2022-05-06 23:11:31,678 : INFO : Start executing Q5. Write a Python program to determine whether the given number is a Harshad Number?
2022-05-06 23:11:31,678 : INFO : using the HarshadNumber function from previous Question
2022-05-06 23:11:31,678 : INFO : Start executing Q5. Write a Python program to determine whether the given number is a Harshad Number?
2022-05-06 23:11:31,678 : INFO : using the HarshadNumber function from previous Question
2022-05-06 23:11:31,678 : INFO : Start executing Q5. Write a Python program to determine whether the given number is a Harshad Number?
2022-05-06 23:11:31,678 : INFO : using the HarshadNumber function from previous Question
2022-05-06 23:11:31,678 : INFO : Start executing Q5. Write a Python program to determine whether the given number is a Harshad Number?
2022-05-06 23:11:31,678 : INFO : using the HarshadNumber function from previous Question
2022-05-06 23:11:31,678 : INFO : Start executing Q5. Write a Python program to determine whether the given number is a Harshad Number?
2022-05-06 23:11:31,678 : INFO : using the HarshadNumber function from previous Question
2022-05-06 23:11:31,678 : INFO : Start executing Q5. Write a Python program to determine whether the given number is a Harshad Number?
2022-05-06 23:11:31,678 : INFO : using the HarshadNumber function from previous Question
2022-05-06 23:11:31,678 : INFO : Start executing Q5. Write a Python program to determine whether the given number is a Harshad Number?
2022-05-06 23:11:31,686 : INFO : using the HarshadNumber function from previous Question
2022-05-06 23:11:31,686 : INFO : Start executing Q5. Write a Python program to determine whether the given number is a Harshad Number?
2022-05-06 23:11:31,686 : INFO : using the HarshadNumber function from previous Question
2022-05-06 23:11:31,686 : INFO : Start executing Q5. Write a Python program to determine whether the given number is a Harshad Number?
2022-05-06 23:11:31,686 : INFO : using the HarshadNumber function from previous Question
2022-05-06 23:11:31,686 : INFO : Start executing Q5. Write a Python program to determine whether the given number is a Harshad Number?
2022-05-06 23:11:31,686 : INFO : using the HarshadNumber function from previous Question
2022-05-06 23:11:31,686 : INFO : Start executing Q5. Write a Python program to determine whether the given number is a Harshad Number?
2022-05-06 23:11:31,686 : INFO : using the HarshadNumber function from previous Question
2022-05-06 23:11:31,686 : INFO : Start executing Q5. Write a Python program to determine whether the given number is a Harshad Number?
2022-05-06 23:11:31,686 : INFO : using the HarshadNumber function from previous Question
2022-05-06 23:11:31,686 : INFO : Start executing Q5. Write a Python program to determine whether the given number is a Harshad Number?
2022-05-06 23:11:31,686 : INFO : using the HarshadNumber function from previous Question
2022-05-06 23:11:31,686 : INFO : Start executing Q5. Write a Python program to determine whether the given number is a Harshad Number?
2022-05-06 23:11:31,686 : INFO : using the HarshadNumber function from previous Question
2022-05-06 23:11:31,686 : INFO : Start executing Q5. Write a Python program to determine whether the given number is a Harshad Number?
2022-05-06 23:11:31,686 : INFO : using the HarshadNumber function from previous Question
2022-05-06 23:11:31,686 : INFO : Start executing Q5. Write a Python program to determine whether the given number is a Harshad Number?
2022-05-06 23:11:31,686 : INFO : using the HarshadNumber function from previous Question
2022-05-06 23:11:31,686 : INFO : Start executing Q5. Write a Python program to determine whether the given number is a Harshad Number?
2022-05-06 23:11:31,686 : INFO : using the HarshadNumber function from previous Question
2022-05-06 23:11:31,686 : INFO : Start executing Q5. Write a Python program to determine whether the given number is a Harshad Number?
2022-05-06 23:11:31,686 : INFO : using the HarshadNumber function from previous Question
2022-05-06 23:11:31,686 : INFO : Start executing Q5. Write a Python program to determine whether the given number is a Harshad Number?
2022-05-06 23:11:31,686 : INFO : using the HarshadNumber function from previous Question
2022-05-06 23:11:31,686 : INFO : Start executing Q5. Write a Python program to determine whether the given number is a Harshad Number?
2022-05-06 23:11:31,686 : INFO : using the HarshadNumber function from previous Question
2022-05-06 23:11:31,686 : INFO : Start executing Q5. Write a Python program to determine whether the given number is a Harshad Number?
2022-05-06 23:11:31,686 : INFO : using the HarshadNumber function from previous Question
2022-05-06 23:11:31,686 : INFO : Start executing Q5. Write a Python program to determine whether the given number is a Harshad Number?
2022-05-06 23:11:31,686 : INFO : using the HarshadNumber function from previous Question
2022-05-06 23:11:31,686 : INFO : Start executing Q5. Write a Python program to determine whether the given number is a Harshad Number?
2022-05-06 23:11:31,686 : INFO : using the HarshadNumber function from previous Question
2022-05-06 23:11:31,686 : INFO : Start executing Q5. Write a Python program to determine whether the given number is a Harshad Number?
2022-05-06 23:11:31,686 : INFO : using the HarshadNumber function from previous Question
2022-05-06 23:11:31,686 : INFO : Start executing Q5. Write a Python program to determine whether the given number is a Harshad Number?
2022-05-06 23:11:31,686 : INFO : using the HarshadNumber function from previous Question
2022-05-06 23:11:31,686 : INFO : Start executing Q5. Write a Python program to determine whether the given number is a Harshad Number?
2022-05-06 23:11:31,686 : INFO : using the HarshadNumber function from previous Question
2022-05-06 23:11:31,686 : INFO : Start executing Q5. Write a Python program to determine whether the given number is a Harshad Number?
2022-05-06 23:11:31,686 : INFO : using the HarshadNumber function from previous Question
2022-05-06 23:11:31,686 : INFO : Start executing Q5. Write a Python program to determine whether the given number is a Harshad Number?
2022-05-06 23:11:31,686 : INFO : using the HarshadNumber function from previous Question
2022-05-06 23:11:31,686 : INFO : Start executing Q5. Write a Python program to determine whether the given number is a Harshad Number?
2022-05-06 23:11:31,686 : INFO : using the HarshadNumber function from previous Question
2022-05-06 23:11:31,686 : INFO : Start executing Q5. Write a Python program to determine whether the given number is a Harshad Number?
2022-05-06 23:11:31,686 : INFO : using the HarshadNumber function from previous Question
2022-05-06 23:11:31,686 : INFO : Start executing Q5. Write a Python program to determine whether the given number is a Harshad Number?
2022-05-06 23:11:31,686 : INFO : using the HarshadNumber function from previous Question
2022-05-06 23:11:31,686 : INFO : Start executing Q5. Write a Python program to determine whether the given number is a Harshad Number?
2022-05-06 23:11:31,686 : INFO : using the HarshadNumber function from previous Question
2022-05-06 23:11:31,686 : INFO : Start executing Q5. Write a Python program to determine whether the given number is a Harshad Number?
2022-05-06 23:11:31,686 : INFO : using the HarshadNumber function from previous Question
2022-05-06 23:11:31,686 : INFO : Start executing Q5. Write a Python program to determine whether the given number is a Harshad Number?
2022-05-06 23:11:31,686 : INFO : using the HarshadNumber function from previous Question
2022-05-06 23:11:31,686 : INFO : Start executing Q5. Write a Python program to determine whether the given number is a Harshad Number?
2022-05-06 23:11:31,686 : INFO : using the HarshadNumber function from previous Question
2022-05-06 23:11:31,686 : INFO : Start executing Q5. Write a Python program to determine whether the given number is a Harshad Number?
2022-05-06 23:11:31,686 : INFO : using the HarshadNumber function from previous Question
2022-05-06 23:11:31,686 : INFO : Start executing Q5. Write a Python program to determine whether the given number is a Harshad Number?
2022-05-06 23:11:31,686 : INFO : using the HarshadNumber function from previous Question
2022-05-06 23:11:31,686 : INFO : Start executing Q5. Write a Python program to determine whether the given number is a Harshad Number?
2022-05-06 23:11:31,686 : INFO : using the HarshadNumber function from previous Question
2022-05-06 23:11:31,686 : INFO : Start executing Q5. Write a Python program to determine whether the given number is a Harshad Number?
2022-05-06 23:11:31,686 : INFO : using the HarshadNumber function from previous Question
2022-05-06 23:11:31,686 : INFO : Start executing Q5. Write a Python program to determine whether the given number is a Harshad Number?
2022-05-06 23:11:31,686 : INFO : using the HarshadNumber function from previous Question
2022-05-06 23:11:31,686 : INFO : Start executing Q5. Write a Python program to determine whether the given number is a Harshad Number?
2022-05-06 23:11:31,686 : INFO : using the HarshadNumber function from previous Question
2022-05-06 23:11:31,686 : INFO : Start executing Q5. Write a Python program to determine whether the given number is a Harshad Number?
2022-05-06 23:11:31,694 : INFO : using the HarshadNumber function from previous Question
2022-05-06 23:11:31,694 : INFO : Start executing Q5. Write a Python program to determine whether the given number is a Harshad Number?
2022-05-06 23:11:31,694 : INFO : using the HarshadNumber function from previous Question
2022-05-06 23:11:31,694 : INFO : Start executing Q5. Write a Python program to determine whether the given number is a Harshad Number?
