2022-04-26 21:04:01,026 : INFO : start exicuting Q1. Write a Python Program to Display Fibonacci Sequence Using Recursion? 
2022-04-26 21:04:01,026 : INFO : start exicuting Q1. Write a Python Program to Display Fibonacci Sequence Using Recursion? 
2022-04-26 21:04:01,026 : INFO : start exicuting Q1. Write a Python Program to Display Fibonacci Sequence Using Recursion? 
2022-04-26 21:04:01,026 : INFO : start exicuting Q1. Write a Python Program to Display Fibonacci Sequence Using Recursion? 
2022-04-26 21:04:01,026 : INFO : start exicuting Q1. Write a Python Program to Display Fibonacci Sequence Using Recursion? 
2022-04-26 21:04:01,034 : INFO : start exicuting Q1. Write a Python Program to Display Fibonacci Sequence Using Recursion? 
2022-04-26 21:04:01,034 : INFO : start exicuting Q1. Write a Python Program to Display Fibonacci Sequence Using Recursion? 
2022-04-26 21:04:01,034 : INFO : start exicuting Q1. Write a Python Program to Display Fibonacci Sequence Using Recursion? 
2022-04-26 21:04:01,034 : INFO : start exicuting Q1. Write a Python Program to Display Fibonacci Sequence Using Recursion? 
2022-04-26 21:04:01,034 : INFO : start exicuting Q1. Write a Python Program to Display Fibonacci Sequence Using Recursion? 
2022-04-26 21:04:01,034 : INFO : start exicuting Q1. Write a Python Program to Display Fibonacci Sequence Using Recursion? 
2022-04-26 21:04:01,034 : INFO : start exicuting Q1. Write a Python Program to Display Fibonacci Sequence Using Recursion? 
2022-04-26 21:04:01,034 : INFO : start exicuting Q1. Write a Python Program to Display Fibonacci Sequence Using Recursion? 
2022-04-26 21:04:01,034 : INFO : start exicuting Q1. Write a Python Program to Display Fibonacci Sequence Using Recursion? 
2022-04-26 21:04:01,034 : INFO : start exicuting Q1. Write a Python Program to Display Fibonacci Sequence Using Recursion? 
2022-04-26 21:04:01,034 : INFO : start exicuting Q1. Write a Python Program to Display Fibonacci Sequence Using Recursion? 
2022-04-26 21:04:01,034 : INFO : start exicuting Q1. Write a Python Program to Display Fibonacci Sequence Using Recursion? 
2022-04-26 21:04:01,034 : INFO : start exicuting Q1. Write a Python Program to Display Fibonacci Sequence Using Recursion? 
2022-04-26 21:04:01,042 : INFO : start exicuting Q1. Write a Python Program to Display Fibonacci Sequence Using Recursion? 
2022-04-26 21:04:01,042 : INFO : start exicuting Q1. Write a Python Program to Display Fibonacci Sequence Using Recursion? 
2022-04-26 21:04:01,042 : INFO : start exicuting Q1. Write a Python Program to Display Fibonacci Sequence Using Recursion? 
2022-04-26 21:04:01,042 : INFO : Execution successfuly
2022-04-26 21:04:01,042 : INFO : Execution successfuly
2022-04-26 21:04:01,042 : INFO : Execution successfuly
2022-04-26 21:04:01,042 : INFO : Execution successfuly
2022-04-26 21:04:01,042 : INFO : Execution successfuly
2022-04-26 21:04:01,042 : INFO : Execution successfuly
2022-04-26 21:04:01,042 : INFO : Execution successfuly
2022-04-26 21:04:01,042 : INFO : Execution successfuly
2022-04-26 21:04:01,042 : INFO : Execution successfuly
2022-04-26 21:04:01,042 : INFO : Execution successfuly
2022-04-26 21:04:01,042 : INFO : Execution successfuly
2022-04-26 21:04:01,042 : INFO : Execution successfuly
2022-04-26 21:04:01,042 : INFO : Execution successfuly
2022-04-26 21:04:01,042 : INFO : Execution successfuly
2022-04-26 21:04:01,042 : INFO : Execution successfuly
2022-04-26 21:04:01,042 : INFO : Execution successfuly
2022-04-26 21:04:01,042 : INFO : Execution successfuly
2022-04-26 21:04:01,042 : INFO : Execution successfuly
2022-04-26 21:04:01,042 : INFO : Execution successfuly
2022-04-26 21:04:01,042 : INFO : Execution successfuly
2022-04-26 21:04:01,042 : INFO : Execution successfuly
2022-04-26 21:11:19,137 : DEBUG : pickle loaded: C:\Users\HP\anaconda3\lib\site-packages\jedi\third_party\typeshed\stdlib\2and3\builtins.pyi
2022-04-26 21:11:19,205 : DEBUG : pickle loaded: C:\Users\HP\anaconda3\lib\site-packages\jedi\third_party\typeshed\stdlib\3\sys.pyi
2022-04-26 21:12:02,150 : DEBUG : diff parser start
2022-04-26 21:12:02,150 : DEBUG : line_lengths old: 11; new: 12
2022-04-26 21:12:02,150 : DEBUG : -> code[equal] old[1:10] new[1:10]
2022-04-26 21:12:02,150 : DEBUG : copy old[1:10] new[1:6]
2022-04-26 21:12:02,150 : DEBUG : parse_part from 7 to 12 (to 11 in part parser)
2022-04-26 21:12:02,150 : DEBUG : -> code[replace] old[11:11] new[11:12]
2022-04-26 21:12:02,150 : DEBUG : diff parser end
2022-04-26 21:12:07,105 : DEBUG : diff parser start
2022-04-26 21:12:07,105 : DEBUG : line_lengths old: 12; new: 12
2022-04-26 21:12:07,105 : DEBUG : -> code[equal] old[1:11] new[1:11]
2022-04-26 21:12:07,105 : DEBUG : copy old[1:11] new[1:6]
2022-04-26 21:12:07,105 : DEBUG : parse_part from 7 to 12 (to 11 in part parser)
2022-04-26 21:12:07,105 : DEBUG : -> code[replace] old[12:12] new[12:12]
2022-04-26 21:12:07,105 : DEBUG : diff parser end
2022-04-26 21:12:29,578 : DEBUG : diff parser start
2022-04-26 21:12:29,578 : DEBUG : line_lengths old: 12; new: 1
2022-04-26 21:12:29,578 : DEBUG : -> code[replace] old[1:12] new[1:1]
2022-04-26 21:12:29,578 : DEBUG : parse_part from 1 to 1 (to 0 in part parser)
2022-04-26 21:12:29,578 : DEBUG : diff parser end
2022-04-26 21:12:32,380 : INFO : Start executing Q2. Write a Python Program to Find Factorial of Number Using Recursion?
2022-04-26 21:12:32,380 : INFO : Start executing Q2. Write a Python Program to Find Factorial of Number Using Recursion?
2022-04-26 21:12:32,380 : INFO : Start executing Q2. Write a Python Program to Find Factorial of Number Using Recursion?
2022-04-26 21:12:32,388 : INFO : Start executing Q2. Write a Python Program to Find Factorial of Number Using Recursion?
2022-04-26 21:12:32,388 : INFO : Start executing Q2. Write a Python Program to Find Factorial of Number Using Recursion?
2022-04-26 21:12:32,388 : INFO : Start executing Q2. Write a Python Program to Find Factorial of Number Using Recursion?
2022-04-26 21:12:32,388 : INFO : Start executing Q2. Write a Python Program to Find Factorial of Number Using Recursion?
2022-04-26 22:44:41,646 : INFO : Start executing Q2. Write a Python Program to Find Factorial of Number Using Recursion?
2022-04-26 22:44:41,646 : INFO : Start executing Q2. Write a Python Program to Find Factorial of Number Using Recursion?
2022-04-26 22:44:41,646 : INFO : Start executing Q2. Write a Python Program to Find Factorial of Number Using Recursion?
2022-04-26 22:44:41,646 : INFO : Start executing Q2. Write a Python Program to Find Factorial of Number Using Recursion?
2022-04-26 22:44:41,646 : INFO : Start executing Q2. Write a Python Program to Find Factorial of Number Using Recursion?
2022-04-26 22:44:41,646 : INFO : Start executing Q2. Write a Python Program to Find Factorial of Number Using Recursion?
2022-04-26 22:44:41,646 : INFO : Start executing Q2. Write a Python Program to Find Factorial of Number Using Recursion?
2022-04-26 22:44:41,654 : INFO : Executation complet
2022-04-26 22:47:41,697 : DEBUG : diff parser start
2022-04-26 22:47:41,697 : DEBUG : line_lengths old: 1; new: 6
2022-04-26 22:47:41,697 : DEBUG : -> code[replace] old[1:1] new[1:6]
2022-04-26 22:47:41,697 : DEBUG : parse_part from 1 to 6 (to 5 in part parser)
2022-04-26 22:47:41,697 : DEBUG : diff parser end
2022-04-26 22:49:27,111 : DEBUG : diff parser start
2022-04-26 22:49:27,112 : DEBUG : line_lengths old: 6; new: 9
2022-04-26 22:49:27,112 : DEBUG : -> code[equal] old[1:5] new[1:5]
2022-04-26 22:49:27,112 : DEBUG : copy old[1:5] new[1:5]
2022-04-26 22:49:27,112 : DEBUG : -> code[replace] old[6:6] new[6:9]
2022-04-26 22:49:27,113 : DEBUG : parse_part from 6 to 9 (to 8 in part parser)
2022-04-26 22:49:27,114 : DEBUG : diff parser end
2022-04-26 22:49:32,003 : DEBUG : diff parser start
2022-04-26 22:49:32,003 : DEBUG : line_lengths old: 9; new: 9
2022-04-26 22:49:32,004 : DEBUG : -> code[equal] old[1:8] new[1:8]
2022-04-26 22:49:32,004 : DEBUG : copy old[1:8] new[1:6]
2022-04-26 22:49:32,006 : DEBUG : parse_part from 7 to 9 (to 8 in part parser)
2022-04-26 22:49:32,006 : DEBUG : -> code[replace] old[9:9] new[9:9]
2022-04-26 22:49:32,006 : DEBUG : diff parser end
2022-04-26 22:53:52,404 : INFO : Start executing Q3. Write a Python Program to calculate your Body Mass Index?
2022-04-26 23:48:48,232 : DEBUG : diff parser start
2022-04-26 23:48:48,236 : DEBUG : line_lengths old: 9; new: 3
2022-04-26 23:48:48,236 : DEBUG : -> code[replace] old[1:9] new[1:3]
2022-04-26 23:48:48,236 : DEBUG : parse_part from 1 to 3 (to 2 in part parser)
2022-04-26 23:48:48,236 : DEBUG : diff parser end
2022-04-26 23:50:07,011 : INFO : Start executing Q4. Write a Python Program to calculate the natural logarithm of any number?
2022-04-26 23:50:19,206 : INFO : Start executing Q4. Write a Python Program to calculate the natural logarithm of any number?
2022-04-26 23:50:32,168 : INFO : Start executing Q4. Write a Python Program to calculate the natural logarithm of any number?
2022-04-26 23:50:42,015 : INFO : Start executing Q4. Write a Python Program to calculate the natural logarithm of any number?
2022-04-26 23:50:42,015 : INFO : Start executing Q4. Write a Python Program to calculate the natural logarithm of any number?
2022-04-26 23:50:42,015 : INFO : Start executing Q4. Write a Python Program to calculate the natural logarithm of any number?
2022-04-26 23:51:36,476 : INFO : Start executing Q4. Write a Python Program to calculate the natural logarithm of any number?
2022-04-26 23:51:36,486 : INFO : Start executing Q4. Write a Python Program to calculate the natural logarithm of any number?
2022-04-26 23:51:36,486 : INFO : Start executing Q4. Write a Python Program to calculate the natural logarithm of any number?
2022-04-26 23:52:15,613 : INFO : Start executing Q4. Write a Python Program to calculate the natural logarithm of any number?
2022-04-26 23:52:15,613 : INFO : Start executing Q4. Write a Python Program to calculate the natural logarithm of any number?
2022-04-26 23:52:15,613 : INFO : Start executing Q4. Write a Python Program to calculate the natural logarithm of any number?
2022-04-26 23:59:57,054 : INFO : Start executing Q4. Write a Python Program to calculate the natural logarithm of any number?
2022-04-27 00:00:22,347 : INFO : Start executing Q4. Write a Python Program to calculate the natural logarithm of any number?
2022-04-27 00:01:29,716 : INFO : Start executing Q4. Write a Python Program to calculate the natural logarithm of any number?
2022-04-27 00:01:35,420 : INFO : Start executing Q4. Write a Python Program to calculate the natural logarithm of any number?
2022-04-27 00:01:54,456 : INFO : Start executing Q4. Write a Python Program to calculate the natural logarithm of any number?
2022-04-27 00:02:52,286 : INFO : Start executing Q4. Write a Python Program to calculate the natural logarithm of any number?
2022-04-27 00:05:56,807 : DEBUG : diff parser start
2022-04-27 00:05:56,807 : DEBUG : line_lengths old: 3; new: 5
2022-04-27 00:05:56,807 : DEBUG : -> code[replace] old[1:3] new[1:5]
2022-04-27 00:05:56,816 : DEBUG : parse_part from 1 to 5 (to 4 in part parser)
2022-04-27 00:05:56,816 : DEBUG : diff parser end
2022-04-27 00:08:32,704 : DEBUG : diff parser start
2022-04-27 00:08:32,704 : DEBUG : line_lengths old: 5; new: 1
2022-04-27 00:08:32,704 : DEBUG : -> code[replace] old[1:5] new[1:1]
2022-04-27 00:08:32,704 : DEBUG : parse_part from 1 to 1 (to 0 in part parser)
2022-04-27 00:08:32,704 : DEBUG : diff parser end
2022-04-27 00:08:36,138 : INFO : Start executing Q5. Write a Python Program for cube sum of first n natural numbers?
2022-04-27 00:08:36,138 : INFO : Start executing Q5. Write a Python Program for cube sum of first n natural numbers?
2022-04-27 00:08:36,138 : INFO : Start executing Q5. Write a Python Program for cube sum of first n natural numbers?
2022-04-27 00:08:36,138 : INFO : Start executing Q5. Write a Python Program for cube sum of first n natural numbers?
2022-04-27 00:08:36,138 : INFO : Start executing Q5. Write a Python Program for cube sum of first n natural numbers?
2022-04-27 00:08:36,138 : INFO : Start executing Q5. Write a Python Program for cube sum of first n natural numbers?
2022-04-27 00:08:36,138 : INFO : Start executing Q5. Write a Python Program for cube sum of first n natural numbers?
2022-04-27 00:08:36,138 : INFO : Start executing Q5. Write a Python Program for cube sum of first n natural numbers?
2022-04-27 00:08:36,138 : INFO : Start executing Q5. Write a Python Program for cube sum of first n natural numbers?
2022-04-27 00:08:36,138 : INFO : Start executing Q5. Write a Python Program for cube sum of first n natural numbers?
2022-04-27 00:08:36,138 : INFO : Start executing Q5. Write a Python Program for cube sum of first n natural numbers?
