2022-06-07 17:45:51,714 : DEBUG : diff parser start
2022-06-07 17:45:51,714 : DEBUG : line_lengths old: 2; new: 1
2022-06-07 17:45:51,714 : DEBUG : -> code[replace] old[1:2] new[1:1]
2022-06-07 17:45:51,714 : DEBUG : parse_part from 1 to 1 (to 0 in part parser)
2022-06-07 17:45:51,714 : DEBUG : diff parser end
2022-06-07 17:51:54,083 : DEBUG : diff parser start
2022-06-07 17:51:54,083 : DEBUG : line_lengths old: 1; new: 9
2022-06-07 17:51:54,083 : DEBUG : -> code[replace] old[1:1] new[1:9]
2022-06-07 17:51:54,083 : DEBUG : parse_part from 1 to 9 (to 8 in part parser)
2022-06-07 17:51:54,083 : DEBUG : diff parser end
2022-06-07 17:52:06,302 : DEBUG : diff parser start
2022-06-07 17:52:06,302 : DEBUG : line_lengths old: 9; new: 9
2022-06-07 17:52:06,311 : DEBUG : -> code[equal] old[1:8] new[1:8]
2022-06-07 17:52:06,311 : DEBUG : copy old[1:8] new[1:7]
2022-06-07 17:52:06,311 : DEBUG : parse_part from 8 to 9 (to 8 in part parser)
2022-06-07 17:52:06,311 : DEBUG : -> code[replace] old[9:9] new[9:9]
2022-06-07 17:52:06,311 : DEBUG : diff parser end
2022-06-07 17:53:20,130 : DEBUG : diff parser start
2022-06-07 17:53:20,130 : DEBUG : line_lengths old: 9; new: 10
2022-06-07 17:53:20,130 : DEBUG : -> code[equal] old[1:8] new[1:8]
2022-06-07 17:53:20,130 : DEBUG : copy old[1:8] new[1:7]
2022-06-07 17:53:20,138 : DEBUG : parse_part from 8 to 10 (to 9 in part parser)
2022-06-07 17:53:20,138 : DEBUG : -> code[replace] old[9:9] new[9:10]
2022-06-07 17:53:20,138 : DEBUG : diff parser end
2022-06-07 17:54:09,028 : DEBUG : diff parser start
2022-06-07 17:54:09,028 : DEBUG : line_lengths old: 10; new: 10
2022-06-07 17:54:09,028 : DEBUG : -> code[equal] old[1:9] new[1:9]
2022-06-07 17:54:09,028 : DEBUG : copy old[1:9] new[1:7]
2022-06-07 17:54:09,028 : DEBUG : parse_part from 8 to 10 (to 9 in part parser)
2022-06-07 17:54:09,028 : DEBUG : -> code[replace] old[10:10] new[10:10]
2022-06-07 17:54:09,028 : DEBUG : diff parser end
2022-06-07 17:56:26,158 : DEBUG : diff parser start
2022-06-07 17:56:26,158 : DEBUG : line_lengths old: 10; new: 12
2022-06-07 17:56:26,158 : DEBUG : -> code[equal] old[1:9] new[1:9]
2022-06-07 17:56:26,158 : DEBUG : copy old[1:9] new[1:7]
2022-06-07 17:56:26,158 : DEBUG : parse_part from 8 to 12 (to 11 in part parser)
2022-06-07 17:56:26,165 : DEBUG : -> code[replace] old[10:10] new[10:12]
2022-06-07 17:56:26,165 : DEBUG : diff parser end
2022-06-07 17:56:31,741 : DEBUG : diff parser start
2022-06-07 17:56:31,741 : DEBUG : line_lengths old: 12; new: 12
2022-06-07 17:56:31,741 : DEBUG : -> code[equal] old[1:11] new[1:11]
2022-06-07 17:56:31,741 : DEBUG : copy old[1:11] new[1:7]
2022-06-07 17:56:31,741 : DEBUG : parse_part from 8 to 12 (to 11 in part parser)
2022-06-07 17:56:31,748 : DEBUG : -> code[replace] old[12:12] new[12:12]
2022-06-07 17:56:31,748 : DEBUG : diff parser end
2022-06-07 17:56:32,077 : DEBUG : diff parser start
2022-06-07 17:56:32,077 : DEBUG : line_lengths old: 12; new: 12
2022-06-07 17:56:32,077 : DEBUG : -> code[equal] old[1:11] new[1:11]
2022-06-07 17:56:32,077 : DEBUG : copy old[1:11] new[1:7]
2022-06-07 17:56:32,077 : DEBUG : parse_part from 8 to 12 (to 11 in part parser)
2022-06-07 17:56:32,085 : DEBUG : -> code[replace] old[12:12] new[12:12]
2022-06-07 17:56:32,085 : DEBUG : diff parser end
2022-06-07 17:57:23,308 : DEBUG : diff parser start
2022-06-07 17:57:23,308 : DEBUG : line_lengths old: 12; new: 13
2022-06-07 17:57:23,308 : DEBUG : -> code[equal] old[1:11] new[1:11]
2022-06-07 17:57:23,308 : DEBUG : copy old[1:11] new[1:7]
2022-06-07 17:57:23,324 : DEBUG : parse_part from 8 to 13 (to 12 in part parser)
2022-06-07 17:57:23,324 : DEBUG : -> code[replace] old[12:12] new[12:13]
2022-06-07 17:57:23,324 : DEBUG : diff parser end
2022-06-07 18:01:33,145 : DEBUG : diff parser start
2022-06-07 18:01:33,145 : DEBUG : line_lengths old: 13; new: 17
2022-06-07 18:01:33,145 : DEBUG : -> code[equal] old[1:12] new[1:12]
2022-06-07 18:01:33,153 : DEBUG : copy old[1:12] new[1:7]
2022-06-07 18:01:33,153 : DEBUG : parse_part from 8 to 17 (to 16 in part parser)
2022-06-07 18:01:33,153 : DEBUG : -> code[replace] old[13:13] new[13:17]
2022-06-07 18:01:33,153 : DEBUG : diff parser end
2022-06-07 18:01:36,761 : DEBUG : diff parser start
2022-06-07 18:01:36,761 : DEBUG : line_lengths old: 17; new: 17
2022-06-07 18:01:36,761 : DEBUG : -> code[equal] old[1:16] new[1:16]
2022-06-07 18:01:36,761 : DEBUG : copy old[1:16] new[1:7]
2022-06-07 18:01:36,772 : DEBUG : parse_part from 8 to 17 (to 16 in part parser)
2022-06-07 18:01:36,772 : DEBUG : -> code[replace] old[17:17] new[17:17]
2022-06-07 18:01:36,772 : DEBUG : diff parser end
2022-06-07 18:06:59,651 : DEBUG : diff parser start
2022-06-07 18:06:59,651 : DEBUG : line_lengths old: 17; new: 19
2022-06-07 18:06:59,651 : DEBUG : -> code[equal] old[1:16] new[1:16]
2022-06-07 18:06:59,651 : DEBUG : copy old[1:16] new[1:7]
2022-06-07 18:06:59,661 : DEBUG : parse_part from 8 to 19 (to 18 in part parser)
2022-06-07 18:06:59,661 : DEBUG : -> code[replace] old[17:17] new[17:19]
2022-06-07 18:06:59,661 : DEBUG : diff parser end
2022-06-07 18:22:11,917 : DEBUG : diff parser start
2022-06-07 18:22:11,917 : DEBUG : line_lengths old: 19; new: 2
2022-06-07 18:22:11,917 : DEBUG : -> code[replace] old[1:19] new[1:2]
2022-06-07 18:22:11,917 : DEBUG : parse_part from 1 to 2 (to 1 in part parser)
2022-06-07 18:22:11,917 : DEBUG : diff parser end
2022-06-07 18:22:12,010 : DEBUG : pickle loaded: C:\Users\HP\anaconda3\lib\typing.py
2022-06-07 18:22:12,055 : DEBUG : pickle loaded: C:\Users\HP\anaconda3\lib\site-packages\jedi\third_party\typeshed\stdlib\3\typing.pyi
2022-06-07 18:22:12,324 : DEBUG : pickle loaded: C:\Users\HP\anaconda3\lib\abc.py
2022-06-07 18:22:12,340 : DEBUG : pickle loaded: C:\Users\HP\anaconda3\lib\site-packages\jedi\third_party\typeshed\stdlib\3\abc.pyi
2022-06-07 18:23:51,951 : DEBUG : diff parser start
2022-06-07 18:23:51,951 : DEBUG : line_lengths old: 2; new: 16
2022-06-07 18:23:51,951 : DEBUG : -> code[replace] old[1:2] new[1:16]
2022-06-07 18:23:51,959 : DEBUG : parse_part from 1 to 16 (to 15 in part parser)
2022-06-07 18:23:51,959 : DEBUG : diff parser end
2022-06-07 18:24:04,466 : DEBUG : diff parser start
2022-06-07 18:24:04,466 : DEBUG : line_lengths old: 16; new: 4
2022-06-07 18:24:04,466 : DEBUG : -> code[replace] old[1:16] new[1:4]
2022-06-07 18:24:04,466 : DEBUG : parse_part from 1 to 4 (to 3 in part parser)
2022-06-07 18:24:04,466 : DEBUG : diff parser end
2022-06-07 18:24:53,919 : INFO : start executing the function for replacement of placement with screening.
2022-06-07 18:24:53,919 : INFO : 'str' object has no attribute 'endwith'
2022-06-07 18:24:53,919 : ERROR : 'str' object has no attribute 'endwith'
2022-06-07 18:25:29,790 : INFO : start executing the function for replacement of placement with screening.
2022-06-07 18:25:29,822 : INFO : Replacement of placement with screening completed
2022-06-07 18:26:10,470 : INFO : start executing the function for replacement of placement with screening.
2022-06-07 18:26:10,475 : INFO : Replacement of placement with screening completed
2022-06-07 18:27:28,022 : INFO : start executing the function for replacement of placement with screening.
2022-06-07 18:27:28,026 : INFO : Replacement of placement with screening completed
2022-06-07 18:28:12,038 : DEBUG : diff parser start
2022-06-07 18:28:12,038 : DEBUG : line_lengths old: 4; new: 15
2022-06-07 18:28:12,038 : DEBUG : -> code[replace] old[1:4] new[1:15]
2022-06-07 18:28:12,054 : DEBUG : parse_part from 1 to 15 (to 14 in part parser)
2022-06-07 18:28:12,054 : DEBUG : diff parser end
2022-06-07 18:38:34,094 : INFO : start executing the function for replacement of placement with screening.
2022-06-07 18:38:34,102 : INFO : Replacement of placement with screening completed
2022-06-07 18:39:02,199 : INFO : start executing the function for replacement of placement with screening.
2022-06-07 18:39:02,210 : INFO : Replacement of placement with screening completed
2022-06-07 18:40:58,444 : DEBUG : diff parser start
2022-06-07 18:40:58,444 : DEBUG : line_lengths old: 15; new: 15
2022-06-07 18:40:58,444 : DEBUG : -> code[equal] old[1:14] new[1:14]
2022-06-07 18:40:58,444 : DEBUG : copy old[1:14] new[1:7]
2022-06-07 18:40:58,460 : DEBUG : parse_part from 8 to 15 (to 14 in part parser)
2022-06-07 18:40:58,460 : DEBUG : -> code[replace] old[15:15] new[15:15]
2022-06-07 18:40:58,460 : DEBUG : diff parser end
2022-06-07 18:41:06,736 : INFO : start executing the function for replacement of placement with screening.
2022-06-07 18:41:06,741 : INFO : Replacement of placement with screening completed
2022-06-07 18:42:43,651 : INFO : start executing the function for replacement of placement with screening.
2022-06-07 18:42:43,651 : INFO : Replacement of placement with screening completed
2022-06-07 18:43:46,295 : DEBUG : diff parser start
2022-06-07 18:43:46,295 : DEBUG : line_lengths old: 15; new: 16
2022-06-07 18:43:46,295 : DEBUG : -> code[equal] old[1:10] new[1:10]
2022-06-07 18:43:46,295 : DEBUG : copy old[1:14] new[1:7]
2022-06-07 18:43:46,304 : DEBUG : parse_part from 8 to 16 (to 15 in part parser)
2022-06-07 18:43:46,304 : DEBUG : -> code[replace] old[11:11] new[11:11]
2022-06-07 18:43:46,304 : DEBUG : -> code[equal] old[12:12] new[12:12]
2022-06-07 18:43:46,304 : DEBUG : -> code[insert] old[13:12] new[13:13]
2022-06-07 18:43:46,304 : DEBUG : -> code[equal] old[13:14] new[14:15]
2022-06-07 18:43:46,304 : DEBUG : -> code[replace] old[15:15] new[16:16]
2022-06-07 18:43:46,304 : DEBUG : diff parser end
2022-06-07 18:43:56,415 : INFO : start executing the function for replacement of placement with screening.
2022-06-07 18:43:56,419 : INFO : Replacement of placement with screening completed
2022-06-07 22:34:44,698 : DEBUG : diff parser start
2022-06-07 22:34:44,706 : DEBUG : line_lengths old: 16; new: 3
2022-06-07 22:34:44,706 : DEBUG : -> code[replace] old[1:16] new[1:3]
2022-06-07 22:34:44,713 : DEBUG : parse_part from 1 to 3 (to 2 in part parser)
2022-06-07 22:34:44,714 : DEBUG : diff parser end
2022-06-07 22:34:44,806 : DEBUG : pickle loaded: C:\Users\HP\anaconda3\lib\types.py
2022-06-07 22:34:44,837 : DEBUG : pickle loaded: C:\Users\HP\anaconda3\lib\site-packages\jedi\third_party\typeshed\stdlib\3\types.pyi
2022-06-07 22:35:56,143 : DEBUG : diff parser start
2022-06-07 22:35:56,143 : DEBUG : line_lengths old: 3; new: 5
2022-06-07 22:35:56,143 : DEBUG : -> code[equal] old[1:2] new[1:2]
2022-06-07 22:35:56,143 : DEBUG : copy old[1:1] new[1:1]
2022-06-07 22:35:56,143 : DEBUG : parse_part from 2 to 1 (to 1 in part parser)
2022-06-07 22:35:56,148 : DEBUG : parse_part from 2 to 5 (to 4 in part parser)
2022-06-07 22:35:56,148 : DEBUG : -> code[replace] old[3:3] new[3:5]
2022-06-07 22:35:56,148 : DEBUG : diff parser end
2022-06-07 22:36:00,989 : DEBUG : diff parser start
2022-06-07 22:36:00,989 : DEBUG : line_lengths old: 5; new: 5
2022-06-07 22:36:00,989 : DEBUG : -> code[equal] old[1:4] new[1:4]
2022-06-07 22:36:00,989 : DEBUG : copy old[1:4] new[1:4]
2022-06-07 22:36:00,989 : DEBUG : -> code[replace] old[5:5] new[5:5]
2022-06-07 22:36:00,989 : DEBUG : parse_part from 5 to 5 (to 4 in part parser)
2022-06-07 22:36:00,989 : DEBUG : diff parser end
2022-06-07 22:36:09,448 : DEBUG : diff parser start
2022-06-07 22:36:09,448 : DEBUG : line_lengths old: 5; new: 6
2022-06-07 22:36:09,448 : DEBUG : -> code[equal] old[1:4] new[1:4]
2022-06-07 22:36:09,448 : DEBUG : copy old[1:4] new[1:4]
2022-06-07 22:36:09,448 : DEBUG : -> code[replace] old[5:5] new[5:6]
2022-06-07 22:36:09,448 : DEBUG : parse_part from 5 to 6 (to 5 in part parser)
2022-06-07 22:36:09,448 : DEBUG : diff parser end
2022-06-07 22:36:12,993 : DEBUG : diff parser start
2022-06-07 22:36:12,993 : DEBUG : line_lengths old: 6; new: 6
2022-06-07 22:36:12,993 : DEBUG : -> code[equal] old[1:5] new[1:5]
2022-06-07 22:36:12,993 : DEBUG : copy old[1:5] new[1:5]
2022-06-07 22:36:12,993 : DEBUG : -> code[replace] old[6:6] new[6:6]
2022-06-07 22:36:12,993 : DEBUG : parse_part from 6 to 6 (to 5 in part parser)
2022-06-07 22:36:12,993 : DEBUG : diff parser end
2022-06-07 22:36:42,095 : DEBUG : diff parser start
2022-06-07 22:36:42,095 : DEBUG : line_lengths old: 6; new: 8
2022-06-07 22:36:42,095 : DEBUG : -> code[equal] old[1:5] new[1:5]
2022-06-07 22:36:42,095 : DEBUG : copy old[1:5] new[1:5]
2022-06-07 22:36:42,095 : DEBUG : -> code[replace] old[6:6] new[6:8]
2022-06-07 22:36:42,095 : DEBUG : parse_part from 6 to 7 (to 7 in part parser)
2022-06-07 22:36:42,095 : DEBUG : parse_part from 8 to 8 (to 7 in part parser)
2022-06-07 22:36:42,095 : DEBUG : diff parser end
2022-06-07 22:37:29,882 : DEBUG : diff parser start
2022-06-07 22:37:29,882 : DEBUG : line_lengths old: 8; new: 8
2022-06-07 22:37:29,882 : DEBUG : -> code[equal] old[1:2] new[1:2]
2022-06-07 22:37:29,883 : DEBUG : copy old[1:1] new[1:1]
2022-06-07 22:37:29,883 : DEBUG : parse_part from 2 to 1 (to 1 in part parser)
2022-06-07 22:37:29,884 : DEBUG : parse_part from 2 to 8 (to 7 in part parser)
2022-06-07 22:37:29,884 : DEBUG : -> code[replace] old[3:3] new[3:3]
2022-06-07 22:37:29,884 : DEBUG : -> code[equal] old[4:7] new[4:7]
2022-06-07 22:37:29,884 : DEBUG : -> code[replace] old[8:8] new[8:8]
2022-06-07 22:37:29,884 : DEBUG : diff parser end
2022-06-07 22:39:49,735 : DEBUG : diff parser start
2022-06-07 22:39:49,735 : DEBUG : line_lengths old: 8; new: 16
2022-06-07 22:39:49,735 : DEBUG : -> code[equal] old[1:7] new[1:7]
2022-06-07 22:39:49,735 : DEBUG : copy old[1:7] new[1:7]
2022-06-07 22:39:49,735 : DEBUG : -> code[replace] old[8:8] new[8:16]
2022-06-07 22:39:49,735 : DEBUG : parse_part from 8 to 8 (to 8 in part parser)
2022-06-07 22:39:49,735 : DEBUG : parse_part from 9 to 13 (to 13 in part parser)
2022-06-07 22:39:49,742 : DEBUG : parse_part from 14 to 16 (to 15 in part parser)
2022-06-07 22:39:49,742 : DEBUG : diff parser end
2022-06-07 22:46:41,472 : DEBUG : diff parser start
2022-06-07 22:46:41,472 : DEBUG : line_lengths old: 16; new: 20
2022-06-07 22:46:41,472 : DEBUG : -> code[equal] old[1:11] new[1:11]
2022-06-07 22:46:41,472 : DEBUG : copy old[1:11] new[1:11]
2022-06-07 22:46:41,472 : DEBUG : -> code[delete] old[12:12] new[12:11]
2022-06-07 22:46:41,472 : DEBUG : -> code[equal] old[13:15] new[12:14]
2022-06-07 22:46:41,472 : DEBUG : parse_part from 12 to 12 (to 12 in part parser)
2022-06-07 22:46:41,472 : DEBUG : parse_part from 13 to 16 (to 17 in part parser)
2022-06-07 22:46:41,472 : DEBUG : -> code[replace] old[16:16] new[15:20]
2022-06-07 22:46:41,472 : DEBUG : parse_part from 17 to 20 (to 19 in part parser)
2022-06-07 22:46:41,472 : DEBUG : diff parser end
2022-06-07 22:46:49,029 : DEBUG : diff parser start
2022-06-07 22:46:49,029 : DEBUG : line_lengths old: 20; new: 21
2022-06-07 22:46:49,029 : DEBUG : -> code[equal] old[1:19] new[1:19]
2022-06-07 22:46:49,029 : DEBUG : copy old[1:16] new[1:16]
2022-06-07 22:46:49,029 : DEBUG : parse_part from 17 to 17 (to 17 in part parser)
2022-06-07 22:46:49,034 : DEBUG : parse_part from 18 to 21 (to 20 in part parser)
2022-06-07 22:46:49,034 : DEBUG : -> code[replace] old[20:20] new[20:21]
2022-06-07 22:46:49,034 : DEBUG : diff parser end
2022-06-07 22:46:53,429 : DEBUG : diff parser start
2022-06-07 22:46:53,429 : DEBUG : line_lengths old: 21; new: 21
2022-06-07 22:46:53,429 : DEBUG : -> code[equal] old[1:20] new[1:20]
2022-06-07 22:46:53,429 : DEBUG : copy old[1:20] new[1:20]
2022-06-07 22:46:53,429 : DEBUG : -> code[replace] old[21:21] new[21:21]
2022-06-07 22:46:53,444 : DEBUG : parse_part from 21 to 21 (to 20 in part parser)
2022-06-07 22:46:53,444 : DEBUG : diff parser end
2022-06-07 22:47:24,420 : DEBUG : diff parser start
2022-06-07 22:47:24,420 : DEBUG : line_lengths old: 21; new: 23
2022-06-07 22:47:24,420 : DEBUG : -> code[equal] old[1:20] new[1:20]
2022-06-07 22:47:24,435 : DEBUG : copy old[1:20] new[1:20]
2022-06-07 22:47:24,435 : DEBUG : -> code[replace] old[21:21] new[21:23]
2022-06-07 22:47:24,435 : DEBUG : parse_part from 21 to 23 (to 22 in part parser)
2022-06-07 22:47:24,435 : DEBUG : diff parser end
2022-06-07 22:47:27,548 : DEBUG : diff parser start
2022-06-07 22:47:27,548 : DEBUG : line_lengths old: 23; new: 23
2022-06-07 22:47:27,548 : DEBUG : -> code[equal] old[1:22] new[1:22]
2022-06-07 22:47:27,548 : DEBUG : copy old[1:22] new[1:22]
2022-06-07 22:47:27,548 : DEBUG : -> code[replace] old[23:23] new[23:23]
2022-06-07 22:47:27,548 : DEBUG : parse_part from 23 to 23 (to 22 in part parser)
2022-06-07 22:47:27,548 : DEBUG : diff parser end
2022-06-07 22:51:34,666 : DEBUG : diff parser start
2022-06-07 22:51:34,666 : DEBUG : line_lengths old: 23; new: 28
2022-06-07 22:51:34,666 : DEBUG : -> code[equal] old[1:22] new[1:22]
2022-06-07 22:51:34,666 : DEBUG : copy old[1:22] new[1:22]
2022-06-07 22:51:34,666 : DEBUG : -> code[replace] old[23:23] new[23:28]
2022-06-07 22:51:34,666 : DEBUG : parse_part from 23 to 25 (to 25 in part parser)
2022-06-07 22:51:34,666 : DEBUG : parse_part from 26 to 28 (to 27 in part parser)
2022-06-07 22:51:34,666 : DEBUG : diff parser end
2022-06-07 22:52:18,329 : DEBUG : diff parser start
2022-06-07 22:52:18,329 : DEBUG : line_lengths old: 28; new: 28
2022-06-07 22:52:18,329 : DEBUG : -> code[equal] old[1:27] new[1:27]
2022-06-07 22:52:18,329 : DEBUG : copy old[1:23] new[1:23]
2022-06-07 22:52:18,329 : DEBUG : parse_part from 24 to 25 (to 25 in part parser)
2022-06-07 22:52:18,329 : DEBUG : parse_part from 26 to 28 (to 27 in part parser)
2022-06-07 22:52:18,329 : DEBUG : -> code[replace] old[28:28] new[28:28]
2022-06-07 22:52:18,329 : DEBUG : diff parser end
2022-06-07 22:52:52,999 : DEBUG : diff parser start
2022-06-07 22:52:52,999 : DEBUG : line_lengths old: 28; new: 28
2022-06-07 22:52:52,999 : DEBUG : -> code[equal] old[1:27] new[1:27]
2022-06-07 22:52:52,999 : DEBUG : copy old[1:23] new[1:23]
2022-06-07 22:52:52,999 : DEBUG : parse_part from 24 to 25 (to 25 in part parser)
2022-06-07 22:52:52,999 : DEBUG : parse_part from 26 to 28 (to 27 in part parser)
2022-06-07 22:52:52,999 : DEBUG : -> code[replace] old[28:28] new[28:28]
2022-06-07 22:52:52,999 : DEBUG : diff parser end
2022-06-07 22:58:47,860 : DEBUG : diff parser start
2022-06-07 22:58:47,860 : DEBUG : line_lengths old: 28; new: 37
2022-06-07 22:58:47,860 : DEBUG : -> code[equal] old[1:27] new[1:27]
2022-06-07 22:58:47,860 : DEBUG : copy old[1:23] new[1:23]
2022-06-07 22:58:47,860 : DEBUG : parse_part from 24 to 25 (to 25 in part parser)
2022-06-07 22:58:47,862 : DEBUG : parse_part from 26 to 29 (to 30 in part parser)
2022-06-07 22:58:47,862 : DEBUG : -> code[replace] old[28:28] new[28:37]
2022-06-07 22:58:47,863 : DEBUG : parse_part from 30 to 37 (to 36 in part parser)
2022-06-07 22:58:47,863 : DEBUG : diff parser end
2022-06-07 22:59:06,920 : DEBUG : diff parser start
2022-06-07 22:59:06,920 : DEBUG : line_lengths old: 37; new: 37
2022-06-07 22:59:06,920 : DEBUG : -> code[equal] old[1:36] new[1:36]
2022-06-07 22:59:06,920 : DEBUG : copy old[1:36] new[1:35]
2022-06-07 22:59:06,920 : DEBUG : parse_part from 36 to 35 (to 35 in part parser)
2022-06-07 22:59:06,925 : DEBUG : parse_part from 36 to 37 (to 36 in part parser)
2022-06-07 22:59:06,926 : DEBUG : -> code[replace] old[37:37] new[37:37]
2022-06-07 22:59:06,926 : DEBUG : diff parser end
2022-06-07 22:59:20,376 : DEBUG : diff parser start
2022-06-07 22:59:20,376 : DEBUG : line_lengths old: 37; new: 38
2022-06-07 22:59:20,376 : DEBUG : -> code[equal] old[1:36] new[1:36]
2022-06-07 22:59:20,376 : DEBUG : copy old[1:36] new[1:35]
2022-06-07 22:59:20,376 : DEBUG : parse_part from 36 to 35 (to 35 in part parser)
2022-06-07 22:59:20,376 : DEBUG : parse_part from 36 to 38 (to 37 in part parser)
2022-06-07 22:59:20,376 : DEBUG : -> code[replace] old[37:37] new[37:38]
2022-06-07 22:59:20,376 : DEBUG : diff parser end
2022-06-07 23:00:52,873 : INFO : creating class emp for basic employ details
2022-06-07 23:01:15,771 : DEBUG : diff parser start
2022-06-07 23:01:15,771 : DEBUG : line_lengths old: 38; new: 1
2022-06-07 23:01:15,771 : DEBUG : -> code[replace] old[1:38] new[1:1]
2022-06-07 23:01:15,771 : DEBUG : parse_part from 1 to 1 (to 0 in part parser)
2022-06-07 23:01:15,771 : DEBUG : diff parser end
2022-06-07 23:02:43,470 : DEBUG : diff parser start
2022-06-07 23:02:43,470 : DEBUG : line_lengths old: 1; new: 2
2022-06-07 23:02:43,470 : DEBUG : -> code[replace] old[1:1] new[1:2]
2022-06-07 23:02:43,470 : DEBUG : parse_part from 1 to 2 (to 1 in part parser)
2022-06-07 23:02:43,470 : DEBUG : diff parser end
2022-06-07 23:03:05,522 : INFO : creating class emp for basic employ details
2022-06-07 23:04:17,831 : DEBUG : diff parser start
2022-06-07 23:04:17,831 : DEBUG : line_lengths old: 2; new: 3
2022-06-07 23:04:17,831 : DEBUG : -> code[equal] old[1:1] new[1:1]
2022-06-07 23:04:17,832 : DEBUG : copy old[1:1] new[1:1]
2022-06-07 23:04:17,832 : DEBUG : -> code[insert] old[2:1] new[2:2]
2022-06-07 23:04:17,832 : DEBUG : parse_part from 2 to 2 (to 2 in part parser)
2022-06-07 23:04:17,832 : DEBUG : -> code[equal] old[2:2] new[3:3]
2022-06-07 23:04:17,833 : DEBUG : parse_part from 3 to 3 (to 2 in part parser)
2022-06-07 23:04:17,833 : DEBUG : diff parser end
2022-06-07 23:05:47,576 : INFO : creating class emp for basic employ details
2022-06-07 23:06:18,358 : INFO : creating class emp for basic employ details
2022-06-07 23:06:30,202 : DEBUG : diff parser start
2022-06-07 23:06:30,202 : DEBUG : line_lengths old: 3; new: 4
2022-06-07 23:06:30,202 : DEBUG : -> code[equal] old[1:2] new[1:2]
2022-06-07 23:06:30,202 : DEBUG : copy old[1:2] new[1:2]
2022-06-07 23:06:30,202 : DEBUG : -> code[replace] old[3:3] new[3:4]
2022-06-07 23:06:30,218 : DEBUG : parse_part from 3 to 4 (to 3 in part parser)
2022-06-07 23:06:30,218 : DEBUG : diff parser end
2022-06-07 23:07:58,605 : DEBUG : diff parser start
2022-06-07 23:07:58,605 : DEBUG : line_lengths old: 4; new: 5
2022-06-07 23:07:58,605 : DEBUG : -> code[equal] old[1:3] new[1:3]
2022-06-07 23:07:58,605 : DEBUG : copy old[1:3] new[1:3]
2022-06-07 23:07:58,605 : DEBUG : -> code[insert] old[4:3] new[4:4]
2022-06-07 23:07:58,605 : DEBUG : parse_part from 4 to 4 (to 4 in part parser)
2022-06-07 23:07:58,605 : DEBUG : -> code[equal] old[4:4] new[5:5]
2022-06-07 23:07:58,605 : DEBUG : parse_part from 5 to 5 (to 4 in part parser)
2022-06-07 23:07:58,605 : DEBUG : diff parser end
2022-06-07 23:08:55,544 : DEBUG : diff parser start
2022-06-07 23:08:55,544 : DEBUG : line_lengths old: 5; new: 6
2022-06-07 23:08:55,544 : DEBUG : -> code[equal] old[1:4] new[1:4]
2022-06-07 23:08:55,544 : DEBUG : copy old[1:4] new[1:4]
2022-06-07 23:08:55,544 : DEBUG : -> code[replace] old[5:5] new[5:6]
2022-06-07 23:08:55,544 : DEBUG : parse_part from 5 to 6 (to 5 in part parser)
2022-06-07 23:08:55,548 : DEBUG : diff parser end
2022-06-07 23:09:26,953 : INFO : creating class emp for basic employ details
2022-06-07 23:16:45,061 : DEBUG : diff parser start
2022-06-07 23:16:45,061 : DEBUG : line_lengths old: 6; new: 4
2022-06-07 23:16:45,062 : DEBUG : -> code[equal] old[1:3] new[1:3]
2022-06-07 23:16:45,062 : DEBUG : copy old[1:3] new[1:3]
2022-06-07 23:16:45,062 : DEBUG : -> code[replace] old[4:6] new[4:4]
2022-06-07 23:16:45,063 : DEBUG : parse_part from 4 to 4 (to 3 in part parser)
2022-06-07 23:16:45,063 : DEBUG : diff parser end
2022-06-07 23:23:29,923 : DEBUG : diff parser start
2022-06-07 23:23:29,923 : DEBUG : line_lengths old: 4; new: 4
2022-06-07 23:23:29,923 : DEBUG : -> code[equal] old[1:3] new[1:3]
2022-06-07 23:23:29,923 : DEBUG : copy old[1:3] new[1:3]
2022-06-07 23:23:29,923 : DEBUG : -> code[replace] old[4:4] new[4:4]
2022-06-07 23:23:29,923 : DEBUG : parse_part from 4 to 4 (to 3 in part parser)
2022-06-07 23:23:29,923 : DEBUG : diff parser end
2022-06-07 23:23:35,881 : DEBUG : diff parser start
2022-06-07 23:23:35,881 : DEBUG : line_lengths old: 4; new: 4
2022-06-07 23:23:35,881 : DEBUG : -> code[equal] old[1:3] new[1:3]
2022-06-07 23:23:35,881 : DEBUG : copy old[1:3] new[1:3]
2022-06-07 23:23:35,881 : DEBUG : -> code[replace] old[4:4] new[4:4]
2022-06-07 23:23:35,881 : DEBUG : parse_part from 4 to 4 (to 3 in part parser)
2022-06-07 23:23:35,881 : DEBUG : diff parser end
2022-06-07 23:24:31,363 : DEBUG : diff parser start
2022-06-07 23:24:31,363 : DEBUG : line_lengths old: 4; new: 4
2022-06-07 23:24:31,363 : DEBUG : -> code[equal] old[1:3] new[1:3]
2022-06-07 23:24:31,363 : DEBUG : copy old[1:3] new[1:3]
2022-06-07 23:24:31,363 : DEBUG : -> code[replace] old[4:4] new[4:4]
2022-06-07 23:24:31,363 : DEBUG : parse_part from 4 to 4 (to 3 in part parser)
2022-06-07 23:24:31,363 : DEBUG : diff parser end
2022-06-07 23:24:37,359 : DEBUG : diff parser start
2022-06-07 23:24:37,359 : DEBUG : line_lengths old: 4; new: 4
2022-06-07 23:24:37,359 : DEBUG : -> code[equal] old[1:3] new[1:3]
2022-06-07 23:24:37,359 : DEBUG : copy old[1:3] new[1:3]
2022-06-07 23:24:37,359 : DEBUG : -> code[replace] old[4:4] new[4:4]
2022-06-07 23:24:37,359 : DEBUG : parse_part from 4 to 4 (to 3 in part parser)
2022-06-07 23:24:37,359 : DEBUG : diff parser end
2022-06-07 23:24:42,215 : DEBUG : diff parser start
2022-06-07 23:24:42,215 : DEBUG : line_lengths old: 4; new: 4
2022-06-07 23:24:42,215 : DEBUG : -> code[equal] old[1:3] new[1:3]
2022-06-07 23:24:42,215 : DEBUG : copy old[1:3] new[1:3]
2022-06-07 23:24:42,215 : DEBUG : -> code[replace] old[4:4] new[4:4]
2022-06-07 23:24:42,215 : DEBUG : parse_part from 4 to 4 (to 3 in part parser)
2022-06-07 23:24:42,215 : DEBUG : diff parser end
2022-06-07 23:32:56,681 : DEBUG : diff parser start
2022-06-07 23:32:56,681 : DEBUG : line_lengths old: 4; new: 4
2022-06-07 23:32:56,681 : DEBUG : -> code[equal] old[1:3] new[1:3]
2022-06-07 23:32:56,681 : DEBUG : copy old[1:3] new[1:3]
2022-06-07 23:32:56,681 : DEBUG : -> code[replace] old[4:4] new[4:4]
2022-06-07 23:32:56,681 : DEBUG : parse_part from 4 to 4 (to 3 in part parser)
2022-06-07 23:32:56,681 : DEBUG : diff parser end
2022-06-07 23:33:09,907 : DEBUG : diff parser start
2022-06-07 23:33:09,907 : DEBUG : line_lengths old: 4; new: 4
2022-06-07 23:33:09,907 : DEBUG : -> code[equal] old[1:3] new[1:3]
2022-06-07 23:33:09,907 : DEBUG : copy old[1:3] new[1:3]
2022-06-07 23:33:09,907 : DEBUG : -> code[replace] old[4:4] new[4:4]
2022-06-07 23:33:09,907 : DEBUG : parse_part from 4 to 4 (to 3 in part parser)
2022-06-07 23:33:09,907 : DEBUG : diff parser end
2022-06-07 23:43:57,167 : DEBUG : diff parser start
2022-06-07 23:43:57,167 : DEBUG : line_lengths old: 4; new: 19
2022-06-07 23:43:57,167 : DEBUG : -> code[replace] old[1:4] new[1:19]
2022-06-07 23:43:57,176 : DEBUG : parse_part from 1 to 19 (to 18 in part parser)
2022-06-07 23:43:57,176 : DEBUG : diff parser end
2022-06-07 23:49:59,110 : INFO : creating class emp for basic employ details
2022-06-07 23:50:14,610 : INFO : creating class emp for basic employ details
2022-06-07 23:55:23,297 : INFO : creating class emp for basic employ details
2022-06-07 23:56:19,177 : INFO : creating class emp for basic employ details
2022-06-08 00:05:07,799 : INFO : creating class emp for basic employ details
2022-06-08 00:06:42,444 : DEBUG : diff parser start
2022-06-08 00:06:42,456 : DEBUG : line_lengths old: 19; new: 19
2022-06-08 00:06:42,456 : DEBUG : -> code[equal] old[1:14] new[1:14]
2022-06-08 00:06:42,456 : DEBUG : copy old[1:11] new[1:11]
2022-06-08 00:06:42,456 : DEBUG : parse_part from 12 to 12 (to 12 in part parser)
2022-06-08 00:06:42,456 : DEBUG : parse_part from 13 to 16 (to 17 in part parser)
2022-06-08 00:06:42,456 : DEBUG : -> code[replace] old[15:15] new[15:15]
2022-06-08 00:06:42,456 : DEBUG : -> code[equal] old[16:17] new[16:17]
2022-06-08 00:06:42,456 : DEBUG : parse_part from 17 to 19 (to 18 in part parser)
2022-06-08 00:06:42,456 : DEBUG : -> code[replace] old[18:19] new[18:19]
2022-06-08 00:06:42,456 : DEBUG : diff parser end
2022-06-08 00:06:44,963 : INFO : creating class emp for basic employ details
2022-06-08 00:08:19,950 : INFO : creating class emp for basic employ details
2022-06-08 00:08:34,719 : INFO : start executing the function for replacement of placement with screening.
2022-06-08 00:08:34,727 : INFO : Replacement of placement with screening completed
2022-06-08 00:08:34,753 : INFO : creating class emp for basic employ details
2022-06-08 00:09:28,703 : DEBUG : pickle loaded: C:\Users\HP\anaconda3\lib\site-packages\jedi\third_party\typeshed\stdlib\2and3\builtins.pyi
2022-06-08 00:09:28,760 : DEBUG : pickle loaded: C:\Users\HP\anaconda3\lib\site-packages\jedi\third_party\typeshed\stdlib\3\sys.pyi
2022-06-08 00:09:39,483 : DEBUG : diff parser start
2022-06-08 00:09:39,483 : DEBUG : line_lengths old: 23; new: 24
2022-06-08 00:09:39,483 : DEBUG : -> code[equal] old[1:22] new[1:22]
2022-06-08 00:09:39,483 : DEBUG : copy old[1:22] new[1:22]
2022-06-08 00:09:39,483 : DEBUG : -> code[replace] old[23:23] new[23:24]
2022-06-08 00:09:39,483 : DEBUG : parse_part from 23 to 22 (to 22 in part parser)
2022-06-08 00:09:39,483 : DEBUG : parse_part from 23 to 24 (to 23 in part parser)
2022-06-08 00:09:39,486 : DEBUG : diff parser end
2022-06-08 00:09:55,396 : INFO : creating class emp for basic employ details
2022-06-08 00:10:12,574 : INFO : creating class emp for basic employ details
2022-06-08 00:10:32,129 : INFO : creating class emp for basic employ details
2022-06-08 00:15:32,016 : DEBUG : diff parser start
2022-06-08 00:15:32,016 : DEBUG : line_lengths old: 24; new: 29
2022-06-08 00:15:32,016 : DEBUG : -> code[equal] old[1:18] new[1:18]
2022-06-08 00:15:32,016 : DEBUG : copy old[1:16] new[1:16]
2022-06-08 00:15:32,016 : DEBUG : parse_part from 17 to 17 (to 17 in part parser)
2022-06-08 00:15:32,030 : DEBUG : parse_part from 18 to 25 (to 26 in part parser)
2022-06-08 00:15:32,030 : DEBUG : -> code[replace] old[19:19] new[19:19]
2022-06-08 00:15:32,030 : DEBUG : -> code[equal] old[20:23] new[20:23]
2022-06-08 00:15:32,030 : DEBUG : -> code[replace] old[24:24] new[24:29]
2022-06-08 00:15:32,031 : DEBUG : parse_part from 26 to 29 (to 28 in part parser)
2022-06-08 00:15:32,031 : DEBUG : diff parser end
2022-06-08 00:15:39,696 : INFO : creating class emp for basic employ details
2022-06-08 00:16:44,346 : INFO : creating class emp for basic employ details
2022-06-08 00:17:28,653 : INFO : creating class emp for basic employ details
2022-06-08 00:18:02,439 : INFO : start executing the function for replacement of placement with screening.
2022-06-08 00:18:02,443 : INFO : Replacement of placement with screening completed
2022-06-08 00:18:02,458 : INFO : creating class emp for basic employ details
